172
2 441 465 
2 266 164 
2 304 209 
2 438 424 
2 74 175 
2 36 301 
2 390 64 
2 210 75 
2 361 363 
2 17 168 
2 398 366 
2 262 405 
2 124 57 
2 52 434 
2 103 443 
2 61 205 
2 145 289 
2 496 253 
2 428 257 
2 299 255 
2 202 302 
2 110 312 
2 362 163 
2 50 122 
2 114 166 
2 403 123 
2 196 247 
2 323 158 
2 497 447 
2 446 392 
2 88 426 
2 350 38 
2 430 432 
2 278 9 
2 279 49 
2 357 162 
2 141 68 
2 449 144 
2 100 201 
2 371 78 
2 195 186 
2 436 249 
2 399 473 
2 200 313 
2 89 414 
2 280 288 
2 181 18 
2 1 7 
2 97 463 
2 451 106 
2 47 410 
2 101 435 
2 84 242 
2 386 264 
2 320 273 
2 409 43 
2 369 111 
2 482 105 
2 252 484 
2 373 270 
2 53 133 
2 183 58 
2 234 55 
2 407 177 
2 221 230 
3 93 91 70 
3 388 96 325 
3 143 251 248 
3 194 54 203 
3 394 59 83 
3 342 387 478 
3 189 340 161 
3 307 276 499 
3 416 261 411 
3 326 338 297 
3 31 322 450 
3 351 352 159 
3 41 335 170 
3 51 393 26 
3 285 13 341 
3 190 453 56 
3 294 372 178 
3 415 46 475 
3 128 358 10 
3 15 384 112 
3 286 328 331 
3 470 60 90 
3 39 146 367 
3 86 413 329 
3 138 173 126 
3 66 396 353 
3 311 5 157 
3 395 397 485 
3 259 232 4 
3 442 216 250 
3 370 339 92 
3 452 42 99 
3 376 468 456 
3 381 95 355 
3 246 127 8 
3 417 44 254 
3 231 69 300 
3 306 460 152 
3 125 309 444 
3 346 401 377 
3 215 458 212 
3 256 471 347 
3 448 272 165 
3 32 267 2 
3 207 109 314 
3 488 217 298 
3 445 271 412 
3 287 37 204 
3 433 321 425 
3 408 34 188 
3 498 115 28 
3 385 383 457 
3 107 455 490 
3 486 191 76 
3 120 30 359 
3 263 494 11 
3 134 81 284 
3 184 365 330 
3 332 429 187 
3 72 156 77 
4 423 260 148 85 
4 73 80 151 176 
4 375 14 476 22 
4 79 119 98 223 
4 315 3 258 192 
4 82 6 474 374 
4 345 492 310 290 
4 121 378 20 454 
4 477 324 116 354 
4 404 102 229 493 
4 27 198 140 225 
4 179 63 489 150 
4 348 303 94 21 
4 418 467 40 308 
4 222 349 368 113 
4 233 19 364 24 
4 71 481 137 167 
4 356 219 236 360 
4 117 180 292 269 
4 29 296 421 406 
4 336 33 25 439 
4 237 139 466 305 
4 472 274 104 459 
4 382 316 379 67 
4 108 23 193 169 
4 420 491 208 35 
4 65 402 431 400 
4 172 437 319 235 
4 142 469 129 87 
4 333 147 130 185 
4 419 291 160 16 
4 464 118 213 268 
4 218 293 440 132 
4 461 206 265 343 
4 389 317 318 480 
4 479 344 422 227 
4 391 243 12 241 
4 220 462 245 275 
4 228 277 334 182 
4 0 244 380 427 
4 48 199 131 136 
4 149 62 197 174 
4 154 282 153 211 
4 283 45 171 337 
4 281 327 240 295 
4 135 224 226 495 
4 483 214 487 239 
