1628
2 3107 846 
2 2305 1744 
2 5175 9197 
2 180 7543 
2 5387 7384 
2 2357 6040 
2 3411 7102 
2 7929 7439 
2 2580 2043 
2 9314 1685 
2 6056 3939 
2 5144 319 
2 9145 2659 
2 4060 5433 
2 5443 5149 
2 2666 2005 
2 2385 3747 
2 8986 1628 
2 4572 820 
2 6723 486 
2 4318 5166 
2 8270 8499 
2 9192 877 
2 5509 2408 
2 8988 4564 
2 9954 7629 
2 8780 8332 
2 315 5514 
2 172 733 
2 83 3870 
2 7323 5195 
2 971 6480 
2 585 8030 
2 60 4558 
2 95 7154 
2 7298 9422 
2 9150 1388 
2 7303 8339 
2 6766 8876 
2 3805 9803 
2 4502 3631 
2 2441 2691 
2 9151 104 
2 2066 8049 
2 6817 9867 
2 8094 6561 
2 8355 7923 
2 8867 6292 
2 3335 2118 
2 2554 6063 
2 6845 8197 
2 6846 8320 
2 2432 7265 
2 1998 6906 
2 8268 1066 
2 9004 9298 
2 9099 3937 
2 7701 5073 
2 8830 8142 
2 444 8309 
2 5429 2252 
2 2651 3836 
2 5154 6575 
2 9327 8428 
2 7700 5031 
2 44 5133 
2 7654 1019 
2 9190 8576 
2 776 8256 
2 7833 6155 
2 664 9154 
2 1851 1516 
2 8902 2505 
2 7692 7643 
2 5735 2236 
2 388 2248 
2 7596 2664 
2 5351 469 
2 113 2198 
2 6233 5393 
2 7182 4802 
2 4146 8152 
2 3512 7948 
2 8454 377 
2 7114 552 
2 3537 4530 
2 7608 9403 
2 7269 4819 
2 6802 6160 
2 9470 7580 
2 7235 6419 
2 3534 3935 
2 6301 255 
2 5844 3321 
2 5403 1027 
2 6196 6316 
2 7422 1993 
2 8395 3088 
2 2189 6013 
2 755 4030 
2 9751 9315 
2 6735 3890 
2 3530 1643 
2 2144 9735 
2 837 3559 
2 7136 9026 
2 3008 3763 
2 5080 5086 
2 9356 6222 
2 8041 1435 
2 6398 5806 
2 8845 7382 
2 503 1289 
2 3151 6054 
2 8719 8463 
2 5575 4405 
2 6433 2085 
2 6379 8229 
2 8976 7870 
2 8504 5837 
2 7023 9364 
2 3049 3377 
2 4952 9975 
2 3865 9874 
2 1912 8659 
2 4862 9069 
2 6762 3206 
2 8495 8356 
2 6646 5324 
2 4612 9358 
2 4891 8015 
2 6891 4884 
2 2790 384 
2 9634 2881 
2 4301 7955 
2 1414 6614 
2 639 6606 
2 1921 7871 
2 7560 2149 
2 7365 4356 
2 4017 8164 
2 5515 9684 
2 533 7018 
2 9858 9558 
2 5147 4094 
2 7935 2579 
2 4382 557 
2 6916 960 
2 6180 9943 
2 3283 3347 
2 8024 6889 
2 973 2960 
2 1316 7717 
2 196 5705 
2 7145 4656 
2 243 955 
2 8689 7029 
2 3903 1953 
2 5530 7790 
2 298 7892 
2 416 9484 
2 4651 3760 
2 2741 4461 
2 2026 9716 
2 6277 6808 
2 8445 4124 
2 2417 8562 
2 6790 7550 
2 1369 2323 
2 3021 2399 
2 2266 4370 
2 4415 3721 
2 8440 6018 
2 2073 9230 
2 8910 7940 
2 8670 3872 
2 7469 1321 
2 569 435 
2 9982 8570 
2 8412 3190 
2 398 7195 
2 7611 1331 
2 7094 2185 
2 6542 7158 
2 6485 6381 
2 6677 1589 
2 1407 4308 
2 8171 9696 
2 611 3101 
2 3758 4126 
2 3748 1375 
2 6371 6366 
2 8804 7285 
2 708 372 
2 5330 4721 
2 5160 8700 
2 3759 1304 
2 2054 6663 
2 5008 1571 
2 204 7312 
2 7605 8950 
2 2297 2050 
2 7341 7148 
2 2481 9835 
2 4226 3734 
2 807 2966 
2 4102 6929 
2 3952 9915 
2 4680 9695 
2 3033 4545 
2 3837 4269 
2 4228 3242 
2 7517 4967 
2 5475 2165 
2 2072 4762 
2 1575 468 
2 2250 1929 
2 8599 7307 
2 1735 3542 
2 7946 5544 
2 6785 8541 
2 5629 6809 
2 3370 797 
2 9090 2206 
2 7012 3859 
2 4399 3956 
2 3164 1148 
2 4222 2761 
2 5736 1918 
2 234 8691 
2 8422 5439 
2 6632 9930 
2 9341 8855 
2 4630 9164 
2 4047 6173 
2 7875 4420 
2 9398 7752 
2 9787 6075 
2 6681 5884 
2 7971 3305 
2 1168 4141 
2 3552 3265 
2 1436 6528 
2 4863 5671 
2 4097 9614 
2 9433 5687 
2 9740 1496 
2 9983 9238 
2 1034 5309 
2 8297 5916 
2 1626 4676 
2 2920 810 
2 3861 2190 
2 9450 3170 
2 1138 3599 
2 847 1566 
2 4469 1582 
2 986 323 
2 1825 2401 
2 9685 1562 
2 325 6733 
2 493 3856 
2 9137 5943 
2 4549 2735 
2 1876 3982 
2 1201 7333 
2 6784 9893 
2 1176 8384 
2 9816 8126 
2 7292 9645 
2 800 7369 
2 7696 2182 
2 9776 8578 
2 7877 1817 
2 7070 3830 
2 4839 9616 
2 1482 4906 
2 1338 9124 
2 5552 9031 
2 7539 7077 
2 3731 1053 
2 36 8475 
2 9460 5561 
2 5125 6237 
2 7503 3869 
2 1287 9830 
2 6382 8452 
2 5157 9472 
2 5374 7407 
2 133 8478 
2 5400 5982 
2 4758 8678 
2 6490 4951 
2 3004 1537 
2 2488 3051 
2 8368 7930 
2 5187 2752 
2 9232 3390 
2 2726 9976 
2 8000 9483 
2 7080 717 
2 6258 2105 
2 1974 2976 
2 2098 4314 
2 7343 808 
2 4454 9050 
2 9273 6492 
2 2390 9957 
2 6868 9440 
2 7301 8267 
2 9507 3026 
2 8098 3579 
2 1255 1823 
2 2661 6312 
2 3197 4379 
2 985 9970 
2 5850 6765 
2 653 9493 
2 5896 2386 
2 306 6174 
2 5535 4587 
2 5989 4650 
2 2617 4618 
2 4789 9721 
2 8093 8193 
2 6214 7544 
2 1455 1073 
2 9537 2445 
2 3662 233 
2 819 4896 
2 2418 1112 
2 2285 1652 
2 9924 7200 
2 3829 8767 
2 1175 8068 
2 3840 4000 
2 8018 690 
2 9946 8351 
2 3180 7761 
2 9256 3361 
2 8272 7166 
2 5487 4281 
2 676 1443 
2 6053 1694 
2 1372 7383 
2 3717 6192 
2 2974 259 
2 270 3843 
2 6593 3961 
2 9905 9101 
2 6071 8307 
2 1780 1393 
2 6731 5759 
2 5084 7347 
2 7394 3550 
2 939 6414 
2 5999 8154 
2 2179 1577 
2 6019 4128 
2 3737 7213 
2 4191 9694 
2 4343 8611 
2 5151 7857 
2 5620 6667 
2 152 1377 
2 1454 3429 
2 8628 6146 
2 2092 9116 
2 9189 8795 
2 5343 3159 
2 6469 9504 
2 3704 9241 
2 448 5919 
2 3415 6738 
2 5409 7366 
2 2644 5348 
2 132 2866 
2 7178 3063 
2 2139 740 
2 6621 3403 
2 1896 5870 
2 9269 1079 
2 2322 4147 
2 1546 3745 
2 1864 9847 
2 929 5067 
2 4636 7775 
2 8236 549 
2 2931 8166 
2 9369 4324 
2 4808 6305 
2 6397 3109 
2 6083 921 
2 2852 3847 
2 1339 8102 
2 2479 6686 
2 9851 8329 
2 7651 2138 
2 8151 9829 
2 193 6288 
2 5902 7348 
2 9633 2688 
2 5360 7243 
2 7466 126 
2 4835 7677 
2 5683 9599 
2 6360 5107 
2 173 8694 
2 5318 3633 
2 1215 9598 
2 9135 5335 
2 1333 7961 
2 6394 4325 
2 6905 2096 
2 8965 5271 
2 3200 3593 
2 4012 4729 
2 4106 2768 
2 3894 5246 
2 6261 5152 
2 3456 307 
2 6167 4582 
2 5932 5791 
2 562 9032 
2 4481 9126 
2 4910 2767 
2 7817 5782 
2 3764 6679 
2 9681 8608 
2 3499 5079 
2 5502 8648 
2 2240 3800 
2 9045 8037 
2 8453 6787 
2 9999 2959 
2 4956 1265 
2 4514 422 
2 2122 6421 
2 2653 9632 
2 3056 3852 
2 814 6995 
2 8255 900 
2 7784 7514 
2 8065 593 
2 4949 1021 
2 6654 3076 
2 6923 3450 
2 7682 2610 
2 9144 7990 
2 6691 4853 
2 8982 6963 
2 6801 223 
2 8122 4241 
2 19 8032 
2 9863 9729 
2 853 4575 
2 7290 7147 
2 5918 3290 
2 1486 1603 
2 4914 867 
2 175 9006 
2 6355 8223 
2 8182 6796 
2 5637 4515 
2 9690 6662 
2 880 749 
2 1837 6836 
2 7610 3432 
2 6134 2363 
2 2495 7978 
2 752 3651 
2 9292 3716 
2 4149 8207 
2 816 680 
2 9797 5179 
2 3833 9009 
2 4127 8983 
2 7231 4486 
2 2817 4287 
2 2857 727 
2 2574 9564 
2 1743 3314 
2 3620 505 
2 5607 7910 
2 2950 4070 
2 5557 6968 
2 3669 4966 
2 4410 4121 
2 30 7999 
2 5776 571 
2 4553 5814 
2 8103 9708 
2 9543 479 
2 8486 6269 
2 1752 4423 
2 1891 6661 
2 1239 4311 
2 5742 6797 
2 3462 4709 
2 4119 1689 
2 977 8321 
2 7532 8306 
2 5854 8745 
2 4937 9617 
3 8431 3828 4199 
3 8299 8278 2742 
3 1960 719 9653 
3 1982 5020 9848 
3 5016 7943 5507 
3 3114 4076 7332 
3 9818 5981 4474 
3 3529 6495 4992 
3 4594 868 1001 
3 4426 6516 1394 
3 7014 5352 9226 
3 6112 3619 5649 
3 2937 4804 9730 
3 7216 5307 6320 
3 4376 3535 3673 
3 1165 8820 6970 
3 7008 3343 640 
3 5298 6014 5074 
3 1264 2711 5907 
3 7492 1355 7217 
3 7124 5910 8477 
3 5801 9278 340 
3 8029 1120 6165 
3 4148 241 4280 
3 7884 81 9477 
3 1576 9127 7111 
3 7126 2304 6302 
3 7199 6032 3645 
3 297 2062 2382 
3 3035 1491 6768 
3 4115 7436 8753 
3 5251 850 8447 
3 3074 8601 3666 
3 7802 5732 7620 
3 5785 660 5887 
3 694 8925 706 
3 4870 4559 5582 
3 475 5559 5925 
3 3263 2370 5830 
3 5256 7329 4113 
3 7245 5215 1622 
3 2278 5645 2795 
3 2474 2572 9993 
3 6909 8493 6778 
3 4156 3831 8861 
3 7916 6580 9656 
3 1400 5662 8043 
3 26 99 2774 
3 3586 4725 9350 
3 6482 2421 4811 
3 3879 4913 7592 
3 9474 7826 1294 
3 679 6241 120 
3 3463 6368 8121 
3 4660 6634 590 
3 3176 8410 1648 
3 2244 6436 2274 
3 389 3013 6759 
3 6460 6915 9237 
3 7561 9212 3545 
3 7975 6346 4826 
3 5394 7403 6953 
3 5911 8423 1715 
3 1683 6400 9566 
3 2451 2207 8759 
3 7240 8220 412 
3 5964 8995 8257 
3 5783 7840 137 
3 4049 4831 5675 
3 181 1412 441 
3 1740 4790 4218 
3 8854 1536 8726 
3 5472 912 3156 
3 2040 3863 2237 
3 6668 6337 108 
3 8020 9947 1418 
3 8 8911 7707 
3 9575 7465 2681 
3 8434 5562 7276 
3 4778 937 4931 
3 3479 9391 4062 
3 4310 7353 7890 
3 2765 7411 7814 
3 1909 8964 4344 
3 1616 430 5456 
3 4990 9950 8563 
3 584 3826 4171 
3 6154 3108 7724 
3 1659 9425 1984 
3 8146 3549 3162 
3 2492 9875 576 
3 8717 6760 2150 
3 4601 9462 6991 
3 6834 6858 7302 
3 5592 987 2893 
3 7268 6800 4764 
3 3233 5612 5289 
3 2563 7748 7932 
3 2013 5416 5549 
3 9973 8109 6110 
3 3882 6514 9451 
3 2980 1749 9105 
3 3409 5661 8939 
3 7325 7638 6780 
3 5538 9825 4585 
3 3582 1140 1464 
3 1390 5611 6598 
3 5585 8547 3372 
3 1764 4779 8692 
3 1274 1025 6829 
3 3061 9467 9437 
3 7576 8080 392 
3 2816 6585 9710 
3 4883 5856 1050 
3 8744 5917 6158 
3 1948 5357 2128 
3 2410 4784 5423 
3 6942 9873 3222 
3 1240 8930 4394 
3 2594 1106 1560 
3 4535 4153 2878 
3 6956 33 9104 
3 409 4629 3127 
3 8641 5506 9913 
3 5077 7174 3400 
3 9728 631 8232 
3 4631 873 4194 
3 4392 4897 7280 
3 669 5220 2981 
3 7417 6933 2581 
3 707 407 5587 
3 1477 2343 2801 
3 852 5319 7567 
3 8188 9165 3772 
3 8926 1882 6236 
3 8634 1312 4708 
3 6969 2435 9736 
3 6779 8014 2428 
3 8460 5455 741 
3 8935 1286 4100 
3 4407 4068 1889 
3 734 3066 8040 
3 2775 2299 9316 
3 8636 1091 50 
3 7922 5558 1084 
3 285 9211 8822 
3 1086 743 2230 
3 3634 5596 5257 
3 1308 5327 8449 
3 6736 1022 3901 
3 8668 3567 3395 
3 5150 2142 9544 
3 6771 3578 9008 
3 5408 8869 9631 
3 591 1801 497 
3 3211 2167 6234 
3 8404 7405 7614 
3 4776 7198 6082 
3 1197 282 9941 
3 2922 7462 2548 
3 1020 890 668 
3 7316 535 7002 
3 286 6434 4245 
3 8148 92 3042 
3 6150 3330 9605 
3 7227 1273 8063 
3 3790 4192 8782 
3 6455 5730 439 
3 6830 3893 2641 
3 1014 8734 4584 
3 5626 5952 6837 
3 9996 2183 3426 
3 2859 256 8417 
3 6539 9323 7225 
3 5745 5847 2064 
3 3083 4711 5145 
3 2525 3387 379 
3 8310 9639 8414 
3 3657 4348 4792 
3 9846 9903 2764 
3 8061 2766 6280 
3 2327 4905 5516 
3 2676 1890 6335 
3 1701 3994 3653 
3 5692 6507 7275 
3 3601 7827 7947 
3 6389 67 840 
3 9113 5880 4255 
3 2243 5434 489 
3 2836 1230 6441 
3 3195 2968 2215 
3 8924 5066 8380 
3 1978 9120 6370 
3 1280 7627 1475 
3 4816 5093 4125 
3 6024 6380 5381 
3 9022 4490 8991 
3 6384 1773 7587 
3 6743 7429 530 
3 2112 3858 1103 
3 7666 6890 4830 
3 7626 8490 1063 
3 1509 3174 2200 
3 4704 649 6391 
3 3257 1658 8145 
3 9497 64 8859 
3 1830 8484 1875 
3 1992 6390 8319 
3 5467 4699 989 
3 9698 1798 3609 
3 9331 9783 3864 
3 9255 6089 3204 
3 7586 1155 4513 
3 1934 3471 5132 
3 3494 4523 7179 
3 3030 6690 8908 
3 8361 763 6734 
3 6388 1836 9381 
3 6218 9856 1529 
3 5413 5501 2856 
3 3062 65 4981 
3 3647 7970 4520 
3 4181 6351 5446 
3 4834 7820 8616 
3 6506 6287 4432 
3 6996 447 6612 
3 8639 7883 9638 
3 3902 2626 2100 
3 3454 9397 6652 
3 5207 8479 221 
3 7449 6065 225 
3 5786 2249 7335 
3 5551 2103 1226 
3 5984 8915 4911 
3 9457 4358 7224 
3 7644 8173 8951 
3 3896 3153 5599 
3 2699 4455 9894 
3 3236 3853 3516 
3 1713 6023 112 
3 2119 3753 5390 
3 3819 1944 2168 
3 6964 2110 3905 
3 9452 9821 1972 
3 9882 9697 9666 
3 3239 5137 9263 
3 876 2254 9869 
3 1637 1964 6750 
3 3273 9842 4700 
3 3990 362 2956 
3 2129 6470 1310 
3 7988 3680 4309 
3 6294 8053 5034 
3 8496 2373 1220 
3 8529 115 9531 
3 5038 4354 6716 
3 177 8879 1083 
3 4927 8073 1645 
3 1424 2306 9041 
3 2262 1386 8120 
3 4099 310 4824 
3 7281 3141 7393 
3 3015 3287 3592 
3 7108 2174 9771 
3 3970 799 2003 
3 3079 2748 9279 
3 2683 9802 6571 
3 3815 1703 4041 
3 1421 648 521 
3 4505 5905 2553 
3 3762 9933 9790 
3 8723 7838 8026 
3 8637 2624 4569 
3 7864 9844 6847 
3 4957 6226 1608 
3 6133 3595 5927 
3 4077 8751 4035 
3 2039 3642 9096 
3 375 2900 5193 
3 8433 3685 8071 
3 7816 4165 855 
3 5584 1794 3777 
3 7256 5848 4244 
3 6605 657 1988 
3 6907 4890 431 
3 9746 5420 1839 
3 991 7949 7351 
3 2536 610 8163 
3 3246 587 3533 
3 5430 2543 4478 
3 61 5385 2317 
3 3660 4203 7234 
3 1413 4665 738 
3 6786 8807 6725 
3 4319 5023 198 
3 887 6573 7962 
3 1334 6504 453 
3 6209 9840 3472 
3 9318 2967 9030 
3 4958 8186 8903 
3 8012 3809 7553 
3 4607 4340 7964 
3 8116 184 1714 
3 2472 4838 5721 
3 4578 1492 6913 
3 2652 394 3838 
3 6814 4752 7208 
3 2136 3243 6144 
3 327 4195 6420 
3 6623 5994 5170 
3 7798 5734 7854 
3 1556 7563 1038 
3 4806 9850 1501 
3 1391 7399 7662 
3 3475 1755 4664 
3 4302 7762 4851 
3 2169 4374 1002 
3 7794 2491 1370 
3 6651 9259 8209 
3 4871 5047 5802 
3 473 3850 6200 
3 2187 169 2606 
3 2097 8847 4781 
3 3783 5380 3178 
3 5346 4262 9573 
3 4800 9864 9469 
3 8770 1672 1439 
3 9141 6596 7899 
3 7936 6095 5842 
3 7917 9857 7509 
3 9591 1900 3927 
3 8537 8250 2806 
3 476 2708 6669 
3 7963 6592 5888 
3 1177 4210 4135 
3 8831 6103 9114 
3 8857 7410 9046 
3 9147 155 8296 
3 944 1916 773 
3 3098 7617 5427 
3 5811 7504 8465 
3 6540 4843 7248 
3 1710 5216 2427 
3 8697 9352 2575 
3 87 5306 1925 
3 663 166 597 
3 3889 9977 4005 
3 8733 8994 4529 
3 7140 3947 4726 
3 1433 3702 2219 
3 7034 1231 7038 
3 6717 4240 2361 
3 9966 2338 7119 
3 3625 4959 1767 
3 2087 5755 2271 
3 3386 9707 4590 
3 2957 4577 1990 
3 5743 8143 6993 
3 3139 7918 3541 
3 2102 9769 2439 
3 2436 3770 258 
3 7819 7315 1590 
3 1279 1741 5819 
3 3878 2074 4177 
3 287 7474 4475 
3 390 7497 2397 
3 1268 334 1811 
3 2600 2027 8539 
3 2484 6057 5555 
3 5479 2633 1986 
3 9252 8217 722 
3 7774 3292 7649 
3 311 8337 2365 
3 6664 2234 8607 
3 537 1507 903 
3 2412 547 6553 
3 7454 3253 2773 
3 1617 9552 5878 
3 9766 8325 9963 
3 783 1324 3054 
3 3012 2520 6706 
3 9813 9005 1666 
3 4527 4395 8190 
3 3700 5635 6223 
3 3957 5900 5660 
3 6857 6181 8585 
3 432 9603 1428 
3 5563 7713 8666 
3 3506 1538 3929 
3 3425 3000 7612 
3 4006 689 1042 
3 6225 8347 546 
3 1489 1292 4150 
3 8127 5442 3150 
3 7053 5278 8838 
3 5921 2834 2645 
3 6535 3354 2191 
3 5654 9808 4360 
3 2829 417 4855 
3 2186 8046 4161 
3 1805 5139 3440 
3 4923 796 3231 
3 4581 526 294 
3 7531 5373 6513 
3 9907 8725 6602 
3 9781 9390 6772 
3 8123 2434 3 
3 8474 1821 7981 
3 756 6428 9177 
3 8597 9160 8509 
3 3977 7697 626 
3 4495 7768 1543 
3 2841 8187 4034 
3 8505 5822 3668 
3 8052 5087 7452 
3 3569 4969 1249 
3 5939 1238 4036 
3 6252 6892 682 
3 2612 9158 21 
3 263 9488 7852 
3 835 1094 7442 
3 1804 4634 8455 
3 9779 2117 511 
3 8036 1088 6347 
3 6823 6319 4873 
3 9231 1192 6908 
3 1130 6534 2632 
3 1561 6246 6442 
3 2321 6946 6416 
3 7558 1010 2188 
3 8928 1736 508 
3 8752 9986 3336 
3 2784 2104 6489 
3 8917 3103 2810 
3 6822 3465 8110 
3 5825 1143 455 
3 7046 7127 1588 
3 7593 8533 8580 
3 905 7540 9805 
3 4449 4064 3027 
3 70 1005 6211 
3 2979 8768 6971 
3 1335 4389 7334 
3 5728 9630 3378 
3 3701 2045 3587 
3 9324 6776 9307 
3 9179 9123 5274 
3 2896 4366 8324 
3 6201 3510 9890 
3 247 1150 9722 
3 1329 8882 8374 
3 5245 7841 71 
3 3293 8258 4170 
3 8407 2657 6078 
3 3417 1299 4134 
3 7144 4368 993 
3 8538 8799 6701 
3 3997 7249 8033 
3 8050 1092 9994 
3 6430 9927 5457 
3 7283 8216 8390 
3 5076 523 5718 
3 7710 2877 1979 
3 1272 512 4557 
3 8301 8586 1760 
3 8703 428 6675 
3 283 4742 3664 
3 6109 4845 229 
3 8864 4599 3950 
3 917 1367 6678 
3 1559 8459 7850 
3 6567 6450 9312 
3 6399 7667 8963 
3 1999 6363 9548 
3 667 9878 1871 
3 515 7728 4941 
3 3484 2217 710 
3 8699 2588 6966 
3 5488 6870 1056 
3 1967 6422 836 
3 9732 6105 688 
3 8594 8251 4326 
3 5043 2146 9479 
3 1738 2654 4188 
3 1877 4733 5461 
3 5867 4954 4805 
3 7103 8914 7958 
3 2235 4359 1722 
3 7255 91 6694 
3 7624 1179 891 
3 619 6117 2649 
3 4642 2948 6895 
3 3726 9215 5124 
3 7925 3060 3564 
3 1343 6251 6126 
3 7478 6426 4211 
3 6228 4435 118 
3 7456 2665 5849 
3 3010 2591 429 
3 3930 828 4935 
3 3368 2587 815 
3 7902 5287 4571 
3 4942 4305 2689 
3 7036 8265 5879 
3 6240 9619 7375 
3 4899 1450 6757 
3 8264 6726 6508 
3 5993 8483 4753 
3 3234 6672 1524 
3 3350 3028 4350 
3 1 8366 43 
3 7591 9480 1006 
3 3017 751 8133 
3 201 5096 8818 
3 5810 7009 5826 
3 2277 7546 8034 
3 2106 2507 1530 
3 9881 158 1495 
3 9833 2473 2431 
3 534 5201 7104 
3 8427 782 4768 
3 7831 9624 1256 
3 7556 5684 2530 
3 492 7420 5564 
3 9576 7807 1468 
3 674 2175 4685 
3 3504 472 7181 
3 9110 9182 9704 
3 82 7977 5117 
3 2339 1500 8156 
3 8141 5153 6764 
3 4848 4066 8212 
3 8829 5804 4278 
3 9304 3574 5083 
3 8754 9717 915 
3 5815 7159 9568 
3 2597 3402 2911 
3 6610 353 1453 
3 2369 8946 6208 
4 3540 8913 5261 3500 
4 8092 4654 7622 8532 
4 2692 726 3851 5995 
4 8047 5176 744 1827 
4 3185 5102 5451 787 
4 8772 278 4220 9239 
4 2582 8794 4827 1210 
4 1554 5264 438 7721 
4 4713 1207 3256 4728 
4 3746 897 7633 6729 
4 9394 8085 1039 5827 
4 4731 8747 7204 218 
4 1966 3191 9742 6344 
4 4926 354 698 1712 
4 5329 5333 1429 9567 
4 6877 1711 2715 4617 
4 252 3743 3787 7804 
4 2378 7287 4295 9246 
4 123 9415 5525 8195 
4 2837 9412 5168 8918 
4 249 7257 7779 4907 
4 9855 3444 1761 3591 
4 969 711 8345 3397 
4 606 8371 6242 8985 
4 982 1951 4605 3496 
4 9429 984 4063 3924 
4 6431 5857 5308 9701 
4 2260 4576 2359 2162 
4 4887 6276 1080 2469 
4 2241 8398 1915 6673 
4 7743 7251 3617 8476 
4 6976 8326 264 507 
4 1462 4341 5838 6496 
4 2719 7742 1379 2226 
4 6048 7028 5495 4190 
4 2233 5797 1261 1253 
4 2921 4615 2430 7694 
4 9213 231 7810 7309 
4 7609 9000 3652 2163 
4 9991 3689 8603 4566 
4 2930 6084 100 6445 
4 2261 696 5642 3357 
4 5024 356 3474 9683 
4 5425 904 9812 5316 
4 8997 6854 9535 5788 
4 5045 7783 6754 3224 
4 8136 5070 4774 6318 
4 8038 7760 519 728 
4 7583 9533 3331 7052 
4 6893 2044 9815 9302 
4 8627 3923 829 4533 
4 6827 6853 2346 7502 
4 8242 6831 4597 6329 
4 8573 4369 6182 2571 
4 9082 9285 567 1425 
4 1203 9362 5194 8090 
4 9207 4264 2178 8213 
4 3212 712 212 7934 
4 4231 2631 3269 117 
4 1085 4777 7631 1831 
4 7736 7116 8487 9773 
4 4046 6249 9672 7602 
4 7959 8007 6821 7628 
4 6202 360 7640 4109 
4 1819 5540 2137 2521 
4 8704 5816 6199 3958 
4 9416 6374 3638 4092 
4 5368 4684 7965 9049 
4 5173 8441 8118 2725 
4 4943 77 6451 3732 
4 5138 3177 3092 3238 
4 1158 6978 9895 3966 
4 7800 2251 8949 9354 
4 9733 9080 6473 3285 
4 9193 6525 6263 9139 
4 1654 3785 8954 4852 
4 4265 5325 4675 7719 
4 9258 5923 3143 3926 
4 7030 2843 2307 6745 
4 2634 4202 8370 3714 
4 3210 4225 9489 1503 
4 9061 131 7460 3517 
4 7247 4924 8886 2627 
4 6463 5606 9884 8658 
4 5037 5668 8221 1167 
4 2012 2166 695 9799 
4 9132 8100 9792 4452 
4 9056 3464 9297 4892 
4 9448 6118 5238 8514 
4 3524 265 4667 5359 
4 9081 2944 4498 7286 
4 2593 5035 395 5452 
4 8574 4002 8175 101 
4 6994 4797 6741 280 
4 6979 9486 2549 8210 
4 1097 8757 747 8408 
4 9478 6022 4814 3071 
4 226 1041 6990 5793 
4 7898 4480 1756 3975 
4 6137 7418 6098 2599 
4 6113 7480 865 7893 
4 2220 8548 7603 7086 
4 9902 3295 86 7430 
4 2180 825 7815 8618 
4 5949 6524 5758 1653 
4 8841 1723 1116 8228 
4 8742 2381 5578 8523 
4 614 1221 6788 918 
4 9987 4983 3267 1357 
4 6944 8391 2202 8900 
4 5468 6989 2874 3324 
4 5784 7991 47 320 
4 4270 129 2500 857 
4 4518 5268 421 1484 
4 9944 9593 6377 8785 
4 1996 3443 5756 124 
4 4550 964 7997 3422 
4 3686 8661 9806 1656 
4 9027 838 6659 5956 
4 7641 7236 8760 6164 
4 0 8655 7745 7306 
4 5605 6645 1283 5546 
4 6874 5958 1894 9157 
4 4648 5120 1342 5305 
4 1609 3584 4540 1281 
4 3531 5980 1114 3571 
4 1184 8399 795 9926 
4 3057 1932 7061 5663 
4 8322 4692 8247 2853 
4 1227 9898 9534 1160 
4 5006 8870 6981 5226 
4 5182 8396 5284 6692 
4 4168 4815 2746 5233 
4 8590 5955 7068 1032 
4 2214 8418 69 1361 
4 9745 1955 9841 5701 
4 7494 2269 1353 5415 
4 2880 2387 5142 5208 
4 1069 4193 321 3842 
4 3546 7214 559 958 
4 8161 7441 7319 1832 
4 6633 4760 303 9321 
4 553 4217 5092 6425 
4 4940 7169 8277 6127 
4 1109 9459 6576 8333 
4 4111 8696 5805 1485 
4 5975 363 5090 4463 
4 5116 3129 599 1866 
4 5568 6169 284 1295 
4 5843 6899 3825 4056 
4 7177 6988 2280 37 
4 5483 1587 5570 9917 
4 9376 4428 6322 2319 
4 2623 6793 1629 5971 
4 7207 1615 9185 2703 
4 4196 9734 3065 7091 
4 6555 542 6951 6552 
4 42 7803 604 9322 
4 5714 5243 596 3644 
4 4385 9468 2420 1834 
4 7515 9921 7835 2172 
4 2811 8535 5913 7796 
4 5000 7953 72 6921 
4 9466 8591 3154 7421 
4 5855 289 239 4673 
4 3275 9804 7812 4067 
4 5321 6265 9505 3822 
4 7447 2334 4174 420 
4 9822 4250 3692 1779 
4 1908 3989 1040 5741 
4 8643 9901 3247 750 
4 5961 7026 2883 7317 
4 6072 6119 7987 3693 
4 3536 6835 2605 3123 
4 4766 1172 1640 6221 
4 8955 813 4536 9592 
4 6712 8160 34 3126 
4 3580 1198 16 1983 
4 9328 7501 4074 1865 
4 3410 4698 1869 609 
4 6286 6271 5237 4682 
4 148 2618 9529 3374 
4 6203 3527 7078 7458 
4 5362 9111 5950 1926 
4 5532 2296 7082 8530 
4 3810 7482 5678 1213 
4 5898 6467 4055 1991 
4 1606 5258 1796 2538 
4 3514 2551 1322 3382 
4 3081 7387 4164 1093 
4 170 2527 5757 6435 
4 7753 6341 4167 5853 
4 8738 6148 9608 9550 
4 687 5003 84 5051 
4 66 927 5821 699 
4 1716 197 254 7842 
4 5926 7031 8448 6547 
4 5232 5376 6986 5270 
4 7101 2720 2952 405 
4 9578 8446 7906 4492 
4 474 3300 8350 8646 
4 1349 2616 5647 9879 
4 830 7096 9463 9195 
4 3505 127 3944 2697 
4 5367 2541 3621 8779 
4 9676 4741 78 6068 
4 7066 3696 7062 214 
4 2636 8942 6522 7868 
4 4296 1742 7205 3486 
4 4442 6554 7853 491 
4 9753 2326 4114 9918 
4 9545 2193 4588 1670 
4 3866 293 5267 4355 
4 760 2800 9336 1241 
4 7878 3121 1411 3477 
4 6886 7858 1947 4928 
4 4754 4489 6207 6331 
4 2015 3381 7228 8974 
4 5036 8153 7322 94 
4 3137 4345 7888 2242 
4 6323 8372 8888 2419 
4 3913 6531 8348 1124 
4 8686 6298 4504 6873 
4 4323 9396 1244 9700 
4 4864 9377 9649 6009 
4 8934 4018 6656 5323 
4 4567 1850 4898 3509 
4 5302 7361 8681 1065 
4 2807 410 4625 3418 
4 1797 2124 9411 2293 
4 6472 6666 701 8846 
4 6742 6481 4874 3193 
4 3752 5185 3910 2639 
4 4881 5365 1885 4447 
4 6101 1846 3513 5630 
4 622 6042 874 342 
4 7021 6885 2743 3630 
4 4786 2487 5965 5395 
4 6603 5438 3334 6595 
4 7744 1320 7135 4256 
4 1427 3104 1044 8219 
4 9749 7041 3254 6804 
4 1284 2442 8202 858 
4 624 7380 8536 6967 
4 6142 2497 538 4635 
4 7545 9928 7938 2565 
4 9635 5155 1512 5091 
4 3973 337 3328 6950 
4 9972 3523 2197 2352 
4 3938 1189 2366 9091 
4 1033 9128 1290 5221 
4 3226 6257 7534 1936 
4 9345 7327 2969 3115 
4 9979 350 4785 4847 
4 1717 38 335 4987 
4 5966 9674 25 8185 
4 7320 956 651 4031 
4 3084 6974 215 7873 
4 8706 153 2486 4637 
4 6972 1406 5733 9853 
4 1082 3520 477 6638 
4 5292 6637 4964 2205 
4 7741 6090 5978 3705 
4 2177 9329 9623 7040 
4 794 7680 746 8466 
4 3342 2342 8072 9988 
4 3019 4277 1870 3623 
4 1212 8901 5424 7489 
4 9952 8656 6204 4574 
4 8671 3526 2888 990 
4 89 2061 1883 465 
4 9303 134 6102 4821 
4 3001 7477 6124 5064 
4 2934 2648 3311 5398 
4 7699 4419 8709 4180 
4 5808 1541 7530 6903 
4 6454 228 5841 4583 
4 6936 3562 4548 4663 
4 5262 8824 3228 6073 
4 7882 7980 7289 2954 
4 7419 2328 7711 4162 
4 8550 8999 2107 4065 
4 3618 3023 4993 3116 
4 2283 358 9689 9152 
4 1332 9248 1466 1196 
4 2287 6021 2929 1410 
4 2423 580 3152 732 
4 4216 1384 9272 3160 
4 8812 2658 4773 6401 
4 3610 3202 9826 9652 
4 3817 1417 4482 6861 
4 9410 8470 5813 1173 
4 6114 1592 2281 6924 
4 3090 8596 1732 3821 
4 7385 5350 8952 5715 
4 9743 7979 4933 3339 
4 6459 3681 9393 3539 
4 4050 5702 8701 5041 
4 9565 6615 6004 6477 
4 893 3048 246 2489 
4 4157 1614 7881 4267 
4 235 2621 4201 570 
4 418 9017 729 1035 
4 2384 5787 9287 4456 
4 6559 8172 5110 4508 
4 7241 1833 3678 6151 
4 3404 5275 2592 4044 
4 8253 5490 1234 7821 
4 4095 7453 9563 2239 
4 5792 3945 1904 7589 
4 5311 9876 1487 8693 
4 1816 4152 565 107 
4 6264 6342 6622 8672 
4 3441 4252 6618 9242 
4 5862 9365 3544 9723 
4 9473 3936 2471 2560 
4 4823 6607 2461 899 
4 3598 8715 4206 8937 
4 5713 253 6882 9956 
4 9449 150 8613 1737 
4 8834 5222 9615 5510 
4 8849 7270 861 2459 
4 8894 2145 5560 5817 
4 9240 3873 4334 3776 
4 262 9981 1012 9471 
4 3919 1154 4103 4458 
4 5594 2798 1695 2993 
4 9600 6005 8814 5674 
4 9266 3037 4298 9691 
4 3449 6769 76 5108 
4 2722 5694 8269 6378 
4 4329 2375 2573 7860 
4 9680 6746 7791 2295 
4 1681 1351 6104 2315 
4 5818 4782 5699 4903 
4 1052 6564 6582 5852 
4 6755 9778 2663 8958 
4 6902 2081 5722 762 
4 633 90 3280 4116 
4 3136 630 4580 6590 
4 6255 2349 2622 9078 
4 9419 1621 5621 6140 
4 460 8168 7232 5795 
4 7263 1525 2336 2951 
4 8638 2552 7661 5384 
4 7564 8305 8640 5593 
4 1472 8582 2978 1843 
4 5566 8405 4402 5172 
4 8534 1195 2781 2022 
4 9138 4925 6029 7141 
4 6798 5386 5571 8227 
4 2694 6125 5632 301 
4 2331 5522 4155 5924 
4 1059 3738 6695 9077 
4 684 1612 5928 6406 
4 1903 666 7659 8938 
4 6527 7966 4363 8740 
4 2590 6088 1183 9200 
4 7869 495 4104 7495 
4 5794 3034 6884 8953 
4 6536 9199 4858 7250 
4 3561 1315 872 913 
4 1610 6220 8271 7230 
4 5364 6035 5379 4902 
4 3221 842 1182 5081 
4 4213 5252 8644 2614 
4 9532 9094 3111 8503 
4 7057 4745 7063 9427 
4 4547 2851 4411 3906 
4 3674 8286 8805 9935 
4 9862 3881 9219 595 
4 9033 366 5212 2089 
4 1758 3087 4083 3288 
4 5432 1867 4813 6770 
4 966 3897 4260 3565 
4 7912 3161 8978 8884 
4 5903 7926 3182 6688 
4 8871 7983 831 3353 
4 8781 7051 4645 5192 
4 8035 3576 5123 8057 
4 8673 1121 149 6620 
4 4493 1910 1847 2670 
4 4380 8394 1700 2194 
4 6604 1634 5339 805 
4 5112 2732 2819 8856 
4 8826 7379 3373 2267 
4 6644 1208 8362 4740 
4 1994 2310 5534 125 
4 6883 2223 6869 6624 
4 1363 9286 3309 2902 
4 9586 3941 7017 6385 
4 7749 7016 406 5228 
4 1381 5224 718 8058 
4 5277 9089 5496 8069 
4 5527 2673 2068 1826 
4 1959 6863 6273 5529 
4 8062 2662 3002 2982 
4 6050 6739 382 4836 
4 8114 3218 161 875 
4 754 3629 4462 5937 
4 8429 7294 6417 3332 
4 9221 1505 3874 2508 
4 555 4626 999 317 
4 8612 3396 3317 662 
4 171 7763 9872 8416 
4 5344 4968 581 883 
4 7635 2717 8285 6977 
4 9149 5513 5163 1344 
4 6560 5148 4007 4132 
4 8131 6178 7431 7331 
4 9281 343 9086 9655 
4 2791 1180 3780 3039 
4 7960 8457 7220 5198 
4 457 8850 5421 3421 
4 4632 4707 8836 2986 
4 7579 7386 9524 1570 
4 1126 7793 7681 5411 
4 1451 326 720 2997 
4 9371 4860 1814 8657 
4 1745 3749 302 3560 
4 9936 1471 4609 9072 
4 5912 4396 1599 5007 
4 9025 6045 643 5750 
4 3754 1164 3207 3774 
4 213 4107 6752 2518 
4 4137 1618 3848 8619 
4 2570 4071 3918 9931 
4 2860 1317 8758 7192 
4 9768 8157 5889 3009 
4 8584 5269 9313 8336 
4 1664 1922 5930 6693 
4 4506 1049 5653 878 
4 8665 2733 5521 4646 
4 4459 9651 9001 8139 
4 2080 56 8631 723 
4 9706 2601 6064 3911 
4 4655 3184 8875 2501 
4 8045 1024 4169 3284 
4 1665 5167 5114 5052 
4 5931 6314 6372 1129 
4 2308 3604 2890 5698 
4 1161 6998 1627 6047 
4 346 4154 7358 5191 
4 3718 6532 2042 6937 
4 9353 1591 8087 1340 
4 2286 5679 1788 9522 
4 7690 7537 413 8897 
4 7913 4377 6842 8044 
4 6562 8564 8316 781 
4 938 7597 8117 8051 
4 7722 870 6676 6062 
4 2794 9569 8979 5656 
4 2583 309 9499 6279 
4 980 2971 3724 7551 
4 5011 9274 9925 7007 
4 9438 3995 7887 1142 
4 6751 7658 916 1887 
4 7059 7184 661 4303 
4 1531 466 9967 9579 
4 6636 2804 2513 6308 
4 6843 3158 2787 2871 
4 950 1548 8282 7461 
4 996 7569 6295 1236 
4 2698 5901 4472 5206 
4 4223 2942 5361 6067 
4 7212 2638 3778 7427 
4 1677 642 879 8626 
4 2849 9432 3750 1881 
4 5422 2705 8629 5717 
4 4207 6568 7345 5473 
4 9995 6060 4173 7444 
4 4998 5088 9767 2858 
4 4841 7120 5190 7308 
4 7291 566 4982 7905 
4 1792 6030 5470 9978 
4 4471 9366 1499 8344 
4 7705 6432 4304 4057 
4 7259 8750 3149 603 
4 1605 8386 5254 8784 
4 6270 5832 931 5893 
4 6091 7642 1579 7747 
4 9282 7139 106 4418 
4 561 8959 6376 8764 
4 9811 2723 7731 6238 
4 3554 7445 2130 6689 
4 7734 1521 4212 558 
4 7400 7262 3428 3095 
4 4430 9434 620 2868 
4 2422 5068 9622 9108 
4 8318 8633 7355 5276 
4 1415 9519 598 3276 
4 7202 3876 7773 6683 
4 5197 7388 8373 376 
4 9738 9554 2312 1564 
4 3155 7655 4703 4242 
4 5547 4598 8718 7164 
4 8698 9308 892 4273 
4 7933 9546 3887 532 
4 3577 9660 4214 5162 
4 4854 2088 2289 2696 
4 4565 292 9065 383 
4 48 765 4239 8017 
4 8081 2455 7288 7413 
4 4130 6640 5704 5951 
4 3445 7186 3296 5069 
4 5624 3600 8055 1750 
4 3779 1228 4932 1613 
4 8239 7650 8191 6429 
4 647 4383 5828 9334 
4 7450 7155 9389 3424 
4 6584 5960 4556 6484 
4 3572 6711 9748 6041 
4 2542 9384 7282 2028 
4 2909 1327 628 4972 
4 9342 2637 9965 914 
4 2059 1961 1366 8593 
4 8595 7867 8292 3624 
4 1293 7487 9658 3616 
4 4763 8598 724 1396 
4 672 4497 5953 4798 
4 6415 7533 6440 4445 
4 5288 6875 7944 3270 
4 4521 8880 5765 608 
4 6587 9299 9819 5291 
4 5609 5574 7825 3942 
4 4501 8183 9400 3016 
4 2891 1043 5128 573 
4 3147 29 9648 4562 
4 9487 1515 7006 9368 
4 818 2415 6448 7402 
4 1131 8516 5753 2368 
4 4372 7176 5536 7994 
4 6025 6898 6960 845 
4 3915 7284 9948 2927 
4 3281 8929 583 8687 
4 9859 1476 7171 6753 
4 128 6330 2135 8498 
4 697 1898 4730 525 
4 7093 5482 2793 7499 
4 9679 8359 6107 2907 
4 5600 281 7581 7054 
4 1067 3120 9955 4817 
4 9561 9715 6737 2672 
4 8287 1584 5459 4974 
4 6001 8554 6749 4686 
4 7117 5861 178 9518 
4 1762 2915 5025 4367 
4 3128 17 9227 2785 
4 4865 8840 1200 5899 
4 3341 2603 5341 369 
4 2529 1778 4767 3068 
4 592 5676 4224 8684 
4 2060 9048 1060 4995 
4 8624 8074 454 5002 
4 7639 5777 6732 5061 
4 9171 902 4916 110 
4 9756 5835 8920 2221 
4 5059 3412 3348 5140 
4 8383 4172 6413 6274 
4 9283 5247 2642 8787 
4 7621 5280 9130 8178 
4 8106 536 7210 1596 
4 9703 6775 2056 6259 
4 9319 5444 1862 2446 
4 6094 6919 8128 4879 
4 5 7000 1479 6243 
4 9663 4178 3626 4386 
4 6503 9709 1266 2396 
4 2562 2 5696 9609 
4 9625 673 613 5528 
4 6136 2275 5158 8204 
4 7390 4850 4039 742 
4 5634 3877 3722 3043 
4 216 1426 4593 7615 
4 4641 6424 7751 8898 
4 3345 5652 9562 7937 
4 1162 5613 9765 5906 
4 5976 5404 4689 1772 
4 6085 9357 2503 1568 
4 9148 7165 2490 7738 
4 6334 5129 8091 9100 
4 5531 3427 6311 4876 
4 9187 572 4400 3406 
4 8021 5294 5200 3730 
4 5725 6747 9817 9551 
