258
0 1 3 3
0 4 3 6
0 14 3 16
0 17 3 19
0 20 3 22
0 25 3 27
0 28 3 30
0 31 3 33
0 35 3 37
0 47 3 49
0 50 3 52
0 59 3 61
0 67 3 69
0 73 3 75
0 80 3 82
0 89 3 91
0 100 3 102
0 107 3 109
0 111 3 113
0 114 3 116
0 123 3 125
0 133 3 135
0 138 3 140
0 151 3 153
0 158 3 160
0 163 3 165
0 169 3 171
0 173 3 175
0 176 3 178
0 181 3 183
0 188 3 190
0 191 3 193
0 201 3 203
0 207 3 209
0 210 3 212
0 222 3 224
0 228 3 230
0 232 3 234
0 238 3 240
0 243 3 245
0 246 3 248
0 249 3 251
0 254 3 256
0 260 3 262
0 275 3 277
0 288 3 290
0 298 3 300
0 304 3 306
0 307 3 309
0 323 3 325
0 340 3 342
0 350 3 352
0 353 3 355
0 364 3 366
0 367 3 369
0 370 3 372
0 378 3 380
0 382 3 384
0 386 3 388
0 389 3 391
0 393 3 395
0 406 3 408
0 417 3 419
0 426 3 428
0 429 3 431
0 433 3 435
0 438 3 440
0 449 3 451
0 457 3 459
0 462 3 464
0 465 3 467
0 471 3 473
0 479 3 481
0 489 3 491
0 495 3 497
0 500 3 502
0 503 3 505
0 510 3 512
0 513 3 515
0 520 3 522
0 532 3 534
0 540 3 542
0 553 3 555
0 557 3 559
0 561 3 563
0 573 3 575
0 576 3 578
0 582 3 584
0 586 3 588
0 592 3 594
0 595 3 597
0 600 3 602
0 611 3 613
0 616 3 618
0 619 3 621
0 624 3 626
0 628 3 630
0 646 3 648
0 650 3 652
0 656 3 658
0 661 3 663
0 667 3 669
0 673 3 675
0 679 3 681
0 687 3 689
0 693 3 695
0 701 3 703
0 705 3 707
0 708 3 710
0 714 3 716
0 718 3 720
0 731 3 733
0 739 3 741
0 742 3 744
0 753 3 755
0 756 3 758
0 763 3 765
0 766 3 768
0 771 3 773
0 774 3 776
0 778 3 780
0 781 3 783
0 785 3 787
0 803 3 805
0 807 3 809
0 812 3 814
0 823 3 825
0 828 3 830
0 834 3 836
0 837 3 839
0 842 3 844
0 847 3 849
0 853 3 855
0 857 3 859
0 861 3 863
0 876 3 878
0 884 3 886
0 890 3 892
0 893 3 895
0 899 3 901
0 908 3 910
0 912 3 914
0 919 3 921
0 923 3 925
0 937 3 939
0 941 3 943
0 945 3 947
0 955 3 957
0 958 3 960
0 968 3 970
0 973 3 975
0 977 3 979
0 980 3 982
0 983 3 985
0 992 3 994
0 996 3 998
7 0 10 2
11 2 13 5
11 6 13 9
14 1 15 7
16 2 18 5
16 6 18 9
19 0 22 2
19 4 22 6
23 2 26 4
27 5 28 11
29 0 35 1
36 4 39 6
40 7 41 13
42 0 55 0
56 2 58 5
59 1 65 2
59 9 65 10
66 1 69 3
70 0 76 1
70 4 76 5
77 0 78 6
79 0 80 6
81 4 82 10
83 0 86 2
87 5 93 6
94 0 100 1
94 2 100 3
101 1 103 4
104 0 110 1
104 2 110 3
111 0 112 6
113 0 116 2
117 1 120 3
121 2 127 3
121 5 127 6
128 0 134 1
128 2 134 3
135 0 138 2
135 6 138 8
139 1 145 2
139 4 145 5
139 6 145 7
146 3 152 4
153 2 156 4
157 0 170 0
157 1 170 1
157 6 170 6
171 1 174 3
175 3 181 4
175 15 181 16
182 4 188 5
182 6 188 7
189 1 192 3
193 1 196 3
197 0 200 2
201 2 204 4
205 0 207 3
208 0 211 2
212 0 218 1
219 0 232 0
219 1 232 1
219 2 232 2
233 3 236 5
237 0 243 1
237 8 243 9
244 0 257 0
244 5 257 5
258 9 264 10
265 2 278 2
265 3 278 3
279 2 282 4
283 0 289 1
283 6 289 7
290 2 293 4
294 0 297 2
294 3 297 5
298 3 301 5
302 2 305 4
306 3 307 9
308 3 310 6
311 0 317 1
318 2 324 3
318 5 324 6
325 2 326 8
327 2 333 3
327 5 333 6
334 0 335 6
336 2 338 5
339 1 345 2
346 0 359 0
360 1 363 3
364 0 365 6
366 0 368 3
369 0 370 6
371 0 372 6
373 1 386 1
387 0 390 2
391 0 397 1
391 2 397 3
398 1 411 1
412 2 414 5
415 4 416 10
