194
0 0 5 1
0 2 5 3
0 4 5 5
0 6 5 7
0 9 5 10
0 11 5 12
0 13 5 14
0 15 5 16
0 17 5 18
0 19 5 20
0 21 5 22
0 23 5 24
0 25 5 26
0 27 5 28
0 29 5 30
0 31 5 32
0 33 5 34
0 36 5 37
0 38 5 39
0 40 5 41
0 42 5 43
0 44 5 45
0 46 5 47
0 48 5 49
0 50 5 51
0 54 5 55
0 56 5 57
0 58 5 59
0 60 5 61
0 62 5 63
0 64 5 65
0 66 5 67
0 68 5 69
0 70 5 71
0 72 5 73
0 74 5 75
0 76 5 77
0 78 5 79
0 80 5 81
0 82 5 83
0 84 5 85
0 86 5 87
0 89 5 90
0 91 5 92
0 93 5 94
0 96 5 97
0 98 5 99
0 100 5 101
0 102 5 103
0 105 5 106
0 107 5 108
0 109 5 110
0 111 5 112
0 113 5 114
0 115 5 116
0 117 5 118
0 119 5 120
0 121 5 122
0 123 5 124
0 125 5 126
0 127 5 128
0 129 5 130
0 131 5 132
0 133 5 134
0 137 5 138
0 139 5 140
0 141 5 142
0 143 5 144
0 145 5 146
0 147 5 148
0 150 5 151
0 152 5 153
0 154 5 155
0 156 5 157
0 158 5 159
0 160 5 161
0 162 5 163
0 164 5 165
0 166 5 167
0 168 5 169
0 170 5 171
0 172 5 173
0 174 5 175
0 176 5 177
0 178 5 179
0 180 5 181
0 182 5 183
0 184 5 185
0 186 5 187
0 188 5 189
0 190 5 191
0 192 5 193
0 194 5 195
0 197 5 198
0 201 5 202
0 203 5 204
0 205 5 206
0 207 5 208
0 209 5 210
0 212 5 213
0 214 5 215
0 216 5 217
0 218 5 219
0 220 5 221
0 222 5 223
0 224 5 225
0 227 5 228
0 229 5 230
0 231 5 232
0 233 5 234
0 235 5 236
0 237 5 238
0 239 5 240
0 241 5 242
0 243 5 244
0 245 5 246
0 247 5 248
6 0 11 1
6 2 11 3
6 5 11 6
6 7 11 8
12 0 17 1
12 2 17 3
12 7 17 8
18 1 23 2
18 6 23 7
24 5 27 7
28 0 33 1
34 0 39 1
40 0 43 2
44 0 49 1
44 2 49 3
44 5 49 6
50 0 55 1
56 4 57 9
58 0 63 1
58 3 63 4
64 0 67 2
64 3 67 5
68 0 73 1
68 2 73 3
68 5 73 6
74 0 79 1
80 0 85 1
80 2 85 3
80 5 85 6
80 7 85 8
86 0 91 1
86 2 91 3
92 1 95 3
92 4 95 6
96 1 107 1
96 3 107 3
108 0 113 1
108 10 113 11
114 0 119 1
114 2 119 3
114 12 119 13
120 0 123 2
120 3 123 5
120 6 123 8
120 9 123 11
124 0 129 1
124 2 129 3
124 4 129 5
124 7 129 8
124 9 129 10
124 11 129 12
124 14 129 15
130 1 133 3
134 0 137 2
138 0 143 1
138 2 143 3
144 0 149 1
144 2 149 3
150 0 155 1
150 2 155 3
150 4 155 5
150 6 155 7
150 8 155 9
156 2 159 4
160 1 171 1
160 2 171 2
172 0 177 1
172 2 177 3
172 4 177 5
178 2 179 7
180 0 185 1
180 3 185 4
180 8 185 9
180 12 185 13
186 3 187 8
188 0 199 0
188 5 199 5
