172
2 286 496 
2 196 493 
2 441 491 
2 252 489 
2 369 488 
2 190 487 
2 97 485 
2 423 483 
2 93 481 
2 28 480 
2 420 479 
2 35 478 
2 333 477 
2 197 476 
2 165 456 
2 12 469 
2 47 428 
2 482 471 
2 326 404 
2 300 464 
2 33 435 
2 306 289 
2 14 390 
2 330 295 
2 256 185 
2 1 112 
2 421 46 
2 279 411 
2 21 160 
2 454 468 
2 315 144 
2 299 259 
2 322 348 
2 17 225 
2 334 193 
2 189 371 
2 212 463 
2 86 353 
2 352 387 
2 154 147 
2 492 375 
2 7 60 
2 414 34 
2 358 311 
2 182 399 
2 141 292 
2 319 329 
2 120 219 
2 495 175 
2 337 350 
2 170 177 
2 301 472 
2 72 71 
2 213 235 
2 11 123 
2 410 298 
2 158 6 
2 64 89 
2 484 0 
2 156 231 
2 266 108 
2 462 52 
2 443 240 
2 73 192 
2 221 18 
3 166 155 470 
3 434 263 136 
3 38 20 457 
3 113 5 393 
3 486 367 406 
3 111 242 79 
3 452 419 465 
3 451 360 416 
3 264 467 172 
3 48 214 69 
3 448 362 32 
3 475 294 41 
3 210 439 366 
3 261 405 466 
3 234 230 152 
3 376 498 418 
3 310 117 490 
3 499 302 395 
3 236 105 285 
3 356 384 251 
3 199 364 280 
3 181 449 116 
3 433 55 377 
3 430 474 237 
3 385 438 453 
3 277 10 81 
3 249 149 56 
3 473 328 282 
3 273 188 29 
3 208 459 217 
3 271 99 274 
3 15 180 372 
3 187 447 80 
3 409 437 25 
3 19 13 269 
3 455 431 363 
3 288 278 148 
3 324 283 16 
3 61 276 115 
3 258 218 50 
3 445 351 347 
3 396 121 460 
3 320 3 332 
3 497 461 268 
3 444 284 65 
3 442 138 336 
3 345 151 139 
3 429 494 23 
3 427 78 90 
3 424 254 400 
3 422 247 24 
3 412 267 458 
3 91 245 391 
3 407 132 403 
3 163 450 394 
3 162 27 31 
3 8 446 440 
3 397 45 392 
3 203 233 413 
3 159 432 388 
4 201 76 398 128 
4 425 417 401 119 
4 244 436 129 207 
4 44 415 70 204 
4 226 408 124 379 
4 26 389 200 198 
4 378 402 66 325 
4 373 386 114 195 
4 365 426 109 186 
4 361 383 40 341 
4 359 382 107 104 
4 339 381 59 101 
4 106 380 100 92 
4 174 374 304 153 
4 22 370 95 355 
4 36 357 354 349 
4 307 368 346 342 
4 164 340 331 327 
4 54 344 321 316 
4 343 338 313 312 
4 335 318 309 308 
4 323 317 305 296 
4 314 303 297 291 
4 293 290 287 281 
4 275 272 265 262 
4 270 260 257 255 
4 253 250 248 246 
4 243 241 238 232 
4 239 229 228 227 
4 224 223 220 215 
4 222 216 211 205 
4 209 202 194 184 
4 206 191 183 179 
4 178 176 173 171 
4 169 168 167 161 
4 157 150 146 145 
4 143 142 140 137 
4 135 134 133 127 
4 131 126 125 122 
4 130 110 102 98 
4 118 103 96 88 
4 94 87 85 84 
4 83 82 77 74 
4 75 68 67 57 
4 63 62 58 49 
4 53 51 39 37 
4 43 30 4 2 
