1628
2 5357 5121 
2 8148 6404 
2 421 5913 
2 2589 5583 
2 6255 8785 
2 9906 3629 
2 6584 3987 
2 7710 7529 
2 1737 5231 
2 4386 2094 
2 5796 9487 
2 6735 8197 
2 1756 998 
2 8754 2584 
2 2395 2861 
2 6655 59 
2 6312 7444 
2 7923 7569 
2 7704 8873 
2 5515 6632 
2 9612 7262 
2 8452 7796 
2 2489 398 
2 5905 8407 
2 1729 9004 
2 820 604 
2 6459 8603 
2 1248 7064 
2 7549 9354 
2 4848 8733 
2 5886 8437 
2 8189 6839 
2 9529 4449 
2 9213 5744 
2 1524 8479 
2 4318 4574 
2 9483 6823 
2 4100 9620 
2 4233 3626 
2 3904 1287 
2 7108 5416 
2 2545 9383 
2 6476 1396 
2 4004 9131 
2 3697 973 
2 5427 2061 
2 4041 370 
2 847 2155 
2 3015 7792 
2 9247 2687 
2 4644 4863 
2 6668 7168 
2 3135 4631 
2 2222 2843 
2 1492 5363 
2 9618 2752 
2 5570 453 
2 44 1561 
2 2117 8775 
2 8284 461 
2 7100 3505 
2 9765 3273 
2 3295 8287 
2 4036 8854 
2 1423 1385 
2 2932 6640 
2 8004 5616 
2 8591 2345 
2 3715 674 
2 5918 2096 
2 6639 9813 
2 3420 7936 
2 1556 5090 
2 4695 1081 
2 2331 2598 
2 5251 3825 
2 666 2935 
2 6762 4147 
2 9959 5592 
2 1677 5989 
2 1114 6196 
2 6756 8384 
2 5001 8119 
2 8689 9818 
2 1388 864 
2 7525 9888 
2 4106 5526 
2 948 6613 
2 683 8911 
2 3942 8320 
2 4473 3484 
2 4194 5052 
2 5083 3149 
2 5211 8585 
2 9128 2968 
2 7369 4670 
2 2819 132 
2 2459 8777 
2 936 7819 
2 7515 7577 
2 2246 9256 
2 962 8240 
2 7863 876 
2 8814 8837 
2 7939 7368 
2 2723 752 
2 8991 7208 
2 3457 2728 
2 8392 4808 
2 110 7290 
2 3176 684 
2 7950 281 
2 7101 8636 
2 2196 2212 
2 371 9614 
2 8641 9267 
2 5791 3656 
2 63 2064 
2 2499 714 
2 6240 5602 
2 7259 4916 
2 2475 1013 
2 4090 9894 
2 1101 1491 
2 9019 3024 
2 5651 2548 
2 3678 7945 
2 7834 4405 
2 839 4685 
2 5048 1071 
2 3765 3302 
2 6170 1115 
2 7198 5945 
2 4961 2008 
2 1004 7937 
2 9965 2124 
2 1233 9986 
2 4579 3795 
2 3272 3647 
2 8152 1707 
2 5042 7201 
2 6677 6782 
2 2141 7927 
2 9295 854 
2 7104 2070 
2 384 6495 
2 1734 5101 
2 4702 7409 
2 7135 1341 
2 5773 336 
2 4430 4957 
2 2115 49 
2 8058 2922 
2 1164 443 
2 1214 7896 
2 2080 9307 
2 7540 7961 
2 5046 8639 
2 4788 8063 
2 2558 6702 
2 4917 1146 
2 5214 6381 
2 5653 976 
2 7825 7202 
2 3499 3463 
2 4964 4509 
2 1830 7313 
2 4886 9568 
2 6176 818 
2 4983 5295 
2 82 3096 
2 3792 3047 
2 6107 7595 
2 8612 4874 
2 7757 5713 
2 5772 5982 
2 3607 2727 
2 4135 2274 
2 3940 6252 
2 2228 887 
2 9305 4240 
2 8338 3228 
2 2964 1353 
2 3896 636 
2 3566 7136 
2 8485 7305 
2 8608 7543 
2 4322 6550 
2 1210 3293 
2 3309 71 
2 5310 8322 
2 1851 1988 
2 6168 7551 
2 4925 9433 
2 7516 5219 
2 4406 9129 
2 8745 4940 
2 1203 1955 
2 6935 9866 
2 1671 5383 
2 5625 9795 
2 7145 1812 
2 4185 4131 
2 7 47 
2 9527 1322 
2 8116 4141 
2 3437 3114 
2 7579 8465 
2 2456 8851 
2 1450 9552 
2 7326 3042 
2 594 1713 
2 4167 3142 
2 4235 9539 
2 7359 1094 
2 2259 1742 
2 4637 532 
2 9 3686 
2 766 1934 
2 7231 4655 
2 5006 2686 
2 5652 5494 
2 7583 9690 
2 5873 4074 
2 2962 3072 
2 4561 9525 
2 7715 8553 
2 4657 6957 
2 9263 2481 
2 8803 4847 
2 3844 727 
2 723 4102 
2 1050 9235 
2 7083 7447 
2 1895 62 
2 6129 7088 
2 4475 8250 
2 4112 9532 
2 8387 3357 
2 2759 2982 
2 9917 213 
2 4374 7308 
2 2736 7196 
2 2293 954 
2 8736 1946 
2 3519 9196 
2 8332 2726 
2 3196 5163 
2 7648 6611 
2 8375 859 
2 7032 4619 
2 9946 4320 
2 8010 5777 
2 1591 1724 
2 6547 2652 
2 2045 2340 
2 9063 1418 
2 6882 3689 
2 4076 3337 
2 8193 8767 
2 2060 4912 
2 7725 5904 
2 2342 9106 
2 850 992 
2 6178 4490 
2 1568 4402 
2 5172 4638 
2 9119 3155 
2 8644 586 
2 2544 9966 
2 4995 6558 
2 1433 9747 
2 3170 3672 
2 2642 5729 
2 1621 9576 
2 2749 120 
2 3648 9344 
2 2085 6534 
2 3775 8601 
2 3757 8478 
2 201 3542 
2 8626 6038 
2 7494 3781 
2 7451 4139 
2 6913 5686 
2 7851 2828 
2 7643 774 
2 3257 6567 
2 6571 7464 
2 4550 328 
2 8397 3593 
2 5931 7545 
2 8138 2628 
2 7148 403 
2 7814 1763 
2 3889 9542 
2 5156 2323 
2 8186 2795 
2 4244 2213 
2 2862 676 
2 9302 18 
2 4150 2308 
2 6134 2870 
2 3376 4390 
2 7862 3112 
2 6537 6927 
2 3475 8187 
2 4058 6467 
2 9151 7079 
2 8997 8267 
2 2300 58 
2 9275 5081 
2 9713 5366 
2 9559 2814 
2 4959 1383 
2 8865 8242 
2 2036 8233 
2 9900 9320 
2 4044 3708 
2 7316 3869 
2 3451 6171 
2 8115 2123 
2 3840 9528 
2 4480 7166 
2 8259 8849 
2 5609 6147 
2 8506 1711 
2 7445 2160 
2 7703 9243 
2 5845 1936 
2 8616 2305 
2 778 1160 
2 7673 9873 
2 446 5096 
2 3842 7944 
2 8079 2243 
2 1839 8094 
2 1049 4837 
2 11 9605 
2 2267 7267 
2 3526 5540 
2 3583 2023 
2 245 6123 
2 3126 2313 
2 654 9514 
2 8430 6359 
2 1136 1509 
2 8101 8167 
2 6050 9921 
2 1552 2985 
2 333 8286 
2 5359 7953 
2 3913 4284 
2 5324 3950 
2 5136 8509 
2 7726 9374 
2 5854 2944 
2 7385 3253 
2 8036 7466 
2 687 6300 
2 4551 6580 
2 4902 3745 
2 2282 8367 
2 6777 7008 
2 373 65 
2 2920 2674 
2 5209 1845 
2 9784 3899 
2 6842 4498 
2 7522 7922 
2 1767 8348 
2 3106 6985 
2 706 2817 
2 2535 5665 
2 3618 9732 
2 9289 7700 
2 3632 2203 
2 1231 2718 
2 6481 9722 
2 1427 4690 
2 9340 5600 
2 9856 177 
2 6060 8563 
2 6989 9283 
2 7026 463 
2 8701 7756 
2 9942 2994 
2 3002 7212 
2 593 8721 
2 5622 780 
2 8026 7920 
2 8346 1096 
2 4151 8834 
2 3083 9649 
2 5919 6638 
2 1359 8047 
2 9111 2619 
2 4965 6313 
2 2941 7050 
2 2572 6329 
2 6582 3229 
2 1996 8253 
2 8697 7209 
2 9691 1085 
2 4516 522 
2 1817 9778 
2 1357 5962 
2 9252 717 
2 2364 9443 
2 745 9366 
2 1336 3356 
2 1372 2802 
2 3485 8839 
2 4951 9751 
2 4137 4582 
2 2571 2009 
2 6363 4351 
2 9779 565 
2 6316 6426 
2 103 6602 
2 709 2112 
2 4352 251 
2 1861 8811 
2 8477 4477 
2 6477 2647 
2 67 5891 
2 3368 9124 
2 5909 2905 
2 2351 8751 
2 8199 5492 
2 9123 645 
2 7119 257 
2 9365 7671 
2 3443 9325 
2 9154 3089 
2 6994 8614 
2 7629 5793 
2 1340 4259 
2 6 7489 
2 2536 7330 
2 1976 3496 
2 171 6415 
2 7981 332 
2 214 4134 
2 3379 7911 
2 1510 4293 
2 9585 1701 
2 1202 2162 
2 4884 5593 
2 2095 8947 
2 1787 4867 
2 9629 3214 
2 9546 9363 
2 9806 188 
2 1344 6914 
2 4357 60 
2 5239 5544 
2 3062 877 
2 3308 8163 
2 1820 9974 
2 8200 750 
2 9968 4557 
2 8501 5244 
2 6666 1717 
2 1001 8923 
2 2957 9930 
2 8835 1740 
2 8529 5332 
2 9511 7613 
2 5149 5330 
2 5236 7057 
2 8003 5733 
2 8779 9545 
2 4222 1975 
2 5518 4727 
2 6956 6297 
2 7934 1505 
2 4711 7391 
2 6342 2575 
2 5991 296 
2 1351 9166 
2 8651 8658 
2 321 7439 
2 1564 4977 
2 2776 3120 
2 1800 9426 
2 3730 7677 
2 1364 4717 
2 1883 924 
2 8431 1522 
2 4696 8449 
2 3750 9962 
2 8040 1249 
2 6188 8990 
2 7415 2245 
2 4331 1965 
2 5529 7647 
2 5970 9419 
2 4572 7153 
2 5758 791 
2 7344 7699 
2 8915 9341 
2 1747 9550 
2 7210 5808 
3 4161 9271 6273 
3 5131 8056 8418 
3 3579 2043 5728 
3 4415 1061 55 
3 5028 3655 797 
3 8168 6738 3087 
3 2509 5683 8548 
3 3473 3223 5074 
3 5835 6616 2265 
3 5488 96 7972 
3 1743 1714 6410 
3 8579 631 8702 
3 767 6627 7824 
3 2573 7250 1673 
3 6042 902 9397 
3 6419 301 3834 
3 9569 5155 8470 
3 8866 264 5553 
3 3845 385 3870 
3 1523 3306 197 
3 8607 773 3673 
3 6144 1178 3137 
3 5720 4870 4960 
3 2952 2089 3978 
3 1200 9626 6742 
3 3830 9566 9853 
3 7524 2809 6192 
3 1636 6226 3167 
3 1889 8625 4367 
3 6309 6336 4079 
3 1508 407 875 
3 9572 1810 2612 
3 8487 2055 9048 
3 9797 8659 7436 
3 6377 4600 8132 
3 1476 730 9718 
3 5375 1948 3271 
3 7155 4861 8183 
3 9250 5864 1228 
3 7567 4649 278 
3 7748 4524 9952 
3 3905 3791 8940 
3 5610 6058 6028 
3 3557 3001 8671 
3 2486 9689 4043 
3 1998 6384 8297 
3 6769 5170 1140 
3 4200 2353 9871 
3 9746 85 8204 
3 283 6198 3 
3 9843 8707 7412 
3 6747 7302 5476 
3 9265 7253 4532 
3 5308 3857 9507 
3 1912 7443 6578 
3 1429 3367 4706 
3 3944 2000 9755 
3 6662 6146 1853 
3 6010 9078 7095 
3 8172 6012 1483 
3 2912 1040 5207 
3 432 7118 836 
3 8677 5203 2927 
3 3997 8683 8670 
3 4527 3022 6110 
3 3278 4607 4469 
3 7880 7696 8453 
3 4179 9695 2585 
3 915 7978 3028 
3 263 6981 3885 
3 884 7319 995 
3 1587 1720 8929 
3 8442 7617 3518 
3 6483 1708 7296 
3 7103 1821 1378 
3 513 634 6498 
3 6320 4883 4617 
3 5849 1037 1542 
3 5803 5174 8964 
3 3728 8722 1684 
3 6757 6444 2877 
3 7618 7861 4565 
3 1224 8932 1253 
3 3508 464 4307 
3 7603 8750 4474 
3 6370 3561 3736 
3 1681 1073 8895 
3 3037 7759 5197 
3 3877 3248 8328 
3 9908 1154 1923 
3 9464 5902 8956 
3 4786 6367 1152 
3 5785 8692 3892 
3 1117 1484 4871 
3 3362 8524 2939 
3 1526 7536 9359 
3 3375 137 4038 
3 2937 2627 5462 
3 559 5278 2592 
3 1116 4361 8874 
3 9599 520 7463 
3 4439 1571 2798 
3 7870 8637 4668 
3 2488 4521 5941 
3 9880 3853 8466 
3 4292 4975 6296 
3 3511 9197 9769 
3 5823 7041 56 
3 7823 1833 9425 
3 7678 916 6605 
3 3055 7178 4946 
3 3544 1261 1361 
3 5341 1712 6389 
3 9849 172 3107 
3 6231 6577 1726 
3 5547 9907 7130 
3 6656 5839 8516 
3 970 5998 3516 
3 5705 7255 145 
3 174 2185 9350 
3 6965 5441 5548 
3 6220 846 8931 
3 9961 9984 9014 
3 17 2566 10 
3 2600 6938 5446 
3 8527 2368 6715 
3 5378 5503 2716 
3 7215 5563 5151 
3 529 7238 5250 
3 760 9092 8714 
3 4604 1122 738 
3 7363 3769 7740 
3 3050 6856 5271 
3 2106 6583 9121 
3 3746 7778 4731 
3 297 688 1601 
3 1234 556 6133 
3 3969 9741 6752 
3 4663 6266 926 
3 1765 208 5325 
3 451 525 912 
3 8363 6540 9594 
3 844 9168 5118 
3 1430 1197 5649 
3 1570 8239 6205 
3 923 1487 1963 
3 3134 2165 9161 
3 6526 4093 7624 
3 9895 3104 7149 
3 9597 6364 7558 
3 1827 3540 8059 
3 7218 2649 8161 
3 2766 9390 4491 
3 5579 139 2007 
3 2407 9182 5017 
3 164 1648 5007 
3 7518 3674 9450 
3 8833 8044 8198 
3 3258 1589 480 
3 6396 2484 8650 
3 8673 4230 5013 
3 117 5899 628 
3 9214 4990 5574 
3 2221 2295 211 
3 8081 5627 6451 
3 5948 7152 2804 
3 7499 2309 1010 
3 4627 4126 3608 
3 9246 9135 6623 
3 7839 8617 3029 
3 8824 6149 6052 
3 7692 7318 2848 
3 7346 8247 642 
3 5056 2127 3276 
3 8293 2879 7204 
3 5875 3691 1015 
3 6680 9490 7278 
3 2555 656 2811 
3 87 2590 597 
3 7983 7151 1825 
3 6102 8305 178 
3 6721 2125 3480 
3 9719 8609 7752 
3 2836 3932 6157 
3 3828 5513 1847 
3 8653 9580 1464 
3 6215 9471 6645 
3 9588 2872 8578 
3 5879 7375 9852 
3 9414 4671 1735 
3 7954 3692 6731 
3 1876 4650 9276 
3 900 1943 8606 
3 289 3239 1056 
3 1866 9286 1620 
3 3973 1856 3677 
3 9776 6036 8652 
3 4555 2226 206 
3 6193 931 5487 
3 6256 4859 1393 
3 2516 4170 5824 
3 28 3527 7888 
3 1159 2697 5061 
3 2538 9382 3132 
3 8134 1819 6350 
3 9499 1311 1129 
3 5815 6152 8468 
3 6685 4573 4522 
3 6703 8258 124 
3 590 5981 1632 
3 6531 3092 1260 
3 3891 3808 2428 
3 5559 3895 6741 
3 4496 8537 1205 
3 5058 8434 1994 
3 834 4792 9637 
3 6111 1877 9238 
3 2999 9241 7413 
3 7764 4054 6443 
3 2732 9407 1874 
3 6206 8967 1562 
3 307 290 7734 
3 151 5094 1642 
3 6984 142 4933 
3 1718 9799 9714 
3 7475 53 4725 
3 8684 7105 2190 
3 7875 3573 7777 
3 6053 9165 5418 
3 8342 7512 5371 
3 236 4611 4661 
3 4997 9326 4857 
3 7542 1884 8035 
3 2705 6228 9675 
3 589 1888 7406 
3 3980 4636 6306 
3 4055 9602 2854 
3 9748 7884 9376 
3 2091 4865 4875 
3 4814 3297 7610 
3 9730 253 4442 
3 1704 6676 2490 
3 6932 2765 6557 
3 7219 4774 1837 
3 4091 9864 4703 
3 8032 2241 540 
3 4692 3558 7993 
3 4592 4989 5235 
3 9530 7361 6155 
3 6628 7526 5517 
3 9761 6326 648 
3 6651 6849 7003 
3 5710 1282 7090 
3 8907 5035 7286 
3 2020 3924 8123 
3 1445 5794 2565 
3 5644 362 6366 
3 7659 3912 8423 
3 735 6827 4771 
3 4716 4926 4363 
3 5044 6733 8176 
3 4381 4904 9976 
3 4066 7662 2806 
3 4506 9523 6365 
3 3802 7733 5020 
3 7841 4656 4089 
3 1440 2254 3531 
3 3945 3654 898 
3 4187 9016 3422 
3 2887 5389 3567 
3 9896 3498 1598 
3 3839 1595 1406 
3 7594 6794 3553 
3 1023 9650 7037 
3 2461 5916 358 
3 2400 4559 7683 
3 5671 8241 1467 
3 7074 4410 7382 
3 534 5530 5205 
3 6976 4773 9456 
3 9922 7432 5474 
3 4064 2081 2006 
3 6380 1723 404 
3 6673 3906 6436 
3 1339 7374 8861 
3 8333 9220 1471 
3 2457 5355 1422 
3 6289 210 1609 
3 9453 689 1533 
3 7356 147 6778 
3 8597 8432 1332 
3 4412 9988 4478 
3 9368 5898 8938 
3 2320 33 960 
3 6988 6857 2783 
3 2375 2907 8894 
3 5336 7821 4639 
3 4879 3760 2389 
3 6076 489 5489 
3 7914 5457 6528 
3 9848 3704 4375 
3 6800 9468 4495 
3 6361 5178 7785 
3 1584 622 5633 
3 8019 6490 2381 
3 8889 3145 8715 
3 3323 6784 5086 
3 909 5551 3718 
3 9879 7943 3882 
3 146 8153 7310 
3 6514 2401 4766 
3 8376 9361 4011 
3 4720 7530 7175 
3 2462 9561 3244 
3 8648 3914 5869 
3 7419 9192 5856 
3 7768 8898 1930 
3 9043 3582 7426 
3 7534 9726 7917 
3 7818 4452 1021 
3 8043 9703 6585 
3 2398 3983 8823 
3 7230 9072 7249 
3 2874 3595 9684 
3 3617 3559 8845 
3 8150 6340 737 
3 396 8299 7013 
3 6016 3299 2260 
3 7592 4057 635 
3 1529 5865 6466 
3 6208 3153 4467 
3 5776 9222 5832 
3 3352 9971 9631 
3 4953 7990 150 
3 4026 3966 5920 
3 8954 1952 8746 
3 5901 5380 7454 
3 2129 5085 5467 
3 6870 2191 835 
3 1512 198 8325 
3 1922 8425 7770 
3 6202 9549 9143 
3 9122 5461 9667 
3 39 7116 3985 
3 5255 3188 4823 
3 8679 7010 8682 
3 3371 6834 5522 
3 1090 359 7689 
3 1886 7966 7480 
3 9429 4704 8712 
3 4907 5724 3136 
3 3749 7596 4640 
3 4202 804 3011 
3 6649 7956 9734 
3 9062 2134 9868 
3 3075 5531 45 
3 947 7220 1507 
3 9221 9183 5556 
3 8238 32 9828 
3 9802 7221 6724 
3 3339 5615 678 
3 512 1761 2148 
3 9606 149 3564 
3 4124 6421 7876 
3 711 4208 3129 
3 1822 2707 4016 
3 9091 2277 471 
3 5896 2343 5566 
3 8519 7186 4514 
3 4887 6184 0 
3 3811 7809 2167 
3 6700 7970 2924 
3 3428 1256 6446 
3 5908 6873 3991 
3 1347 6574 6160 
3 9173 2467 3694 
3 5756 8196 8908 
3 6705 3641 170 
3 3322 6811 8632 
3 8276 5451 9573 
3 6243 5047 1100 
3 7731 8264 5954 
3 300 611 4465 
3 313 6203 6553 
3 5584 8752 9096 
3 2024 6248 849 
3 8263 8517 6942 
3 1382 5277 8562 
3 7964 2198 6264 
3 2278 9987 6522 
3 5939 2495 2983 
3 9459 3121 6015 
3 3724 1174 6903 
3 5164 5166 1199 
3 3020 1908 9891 
3 6637 8133 4335 
3 1047 9996 5240 
3 7984 7424 9978 
3 4708 6596 4340 
3 9752 2875 6726 
3 6681 4659 3818 
3 6659 3127 8222 
3 2672 9328 9038 
3 8027 1181 7975 
3 4949 9210 9836 
3 1044 8711 6112 
3 5657 5721 9299 
3 9583 1179 1157 
3 7386 1569 3203 
3 2367 3412 5836 
3 5860 5947 4419 
3 4215 7384 6648 
3 4992 7425 1411 
3 9068 3226 3681 
3 8801 541 5040 
3 433 5173 514 
3 1593 9633 7727 
3 4511 3517 2337 
3 5362 2702 6719 
3 708 7521 5763 
3 5449 5813 1106 
3 6017 8160 355 
3 7509 9721 8863 
3 6022 6478 8413 
3 4790 5536 6351 
3 8143 8667 4958 
3 562 1668 4052 
3 2062 3894 5730 
3 4456 8864 889 
3 825 8210 8202 
3 3031 9486 1381 
3 4286 2601 2120 
3 7500 8828 3596 
3 1840 2296 2506 
3 6246 8696 1409 
3 3563 968 7555 
3 1616 6713 8031 
3 4206 8336 2954 
3 204 2025 1535 
3 5157 3105 5872 
3 5496 6864 608 
3 8139 9995 4943 
3 8810 4188 4801 
3 7877 4742 1400 
3 6492 8876 2033 
3 1768 6280 4228 
3 4359 6275 8137 
3 1751 9920 9768 
3 2159 1321 9716 
3 2329 8977 7397 
3 1012 8919 7614 
3 5198 9198 431 
3 4092 530 4858 
3 7751 3004 9935 
3 8006 5368 919 
3 3330 3235 7729 
3 465 3972 7633 
3 2437 9269 5751 
3 6051 6960 430 
3 70 6263 2746 
3 234 6576 1330 
3 240 5606 1750 
3 9418 8215 1640 
3 3657 131 4046 
3 2578 9767 7995 
3 1843 3311 2604 
3 955 4000 3939 
3 3809 5082 3956 
3 7924 2661 2786 
3 1062 2193 6761 
3 9187 6698 9028 
3 8454 9600 5208 
3 456 6008 4301 
3 8089 97 9944 
3 270 2762 2977 
3 3926 620 7457 
3 9519 4796 2713 
3 9332 2632 6835 
3 9201 673 9413 
3 2949 4534 7407 
3 6097 7663 1475 
3 500 1036 1939 
3 6964 9584 4942 
3 372 439 8822 
3 978 9431 885 
3 9699 9086 1318 
3 9446 8401 2694 
3 8447 6844 3370 
3 5191 2772 1796 
3 136 2102 9656 
3 1980 7991 6565 
3 5986 1519 4104 
3 9538 3590 2595 
3 6161 3212 1744 
3 7170 6137 7554 
3 6890 8180 1259 
3 6003 2074 6824 
3 2072 5245 8383 
3 2514 24 7800 
3 5482 183 4798 
3 4221 8568 9398 
3 6352 6450 956 
3 2399 6809 5994 
3 3280 6887 8859 
3 8252 4635 3822 
3 1649 6197 6302 
3 8326 4777 2953 
3 8435 5732 7812 
3 1961 3793 37 
3 9083 1546 8815 
3 9075 7881 5897 
3 9855 4783 7674 
3 7895 4839 3344 
3 4502 1983 8037 
3 1279 9036 6963 
3 4238 7586 6121 
3 6463 3060 1538 
3 86 2891 5752 
3 4387 5666 4358 
3 2207 7357 2297 
3 1694 3364 3052 
3 7471 5168 8093 
3 457 458 5024 
3 7461 8900 2785 
3 2881 487 3021 
3 602 4116 6506 
3 756 335 4595 
3 7724 7387 801 
3 4400 2903 4339 
3 7320 3951 6972 
3 6959 2608 8314 
3 7362 2210 1755 
3 9009 4596 4248 
3 3543 4399 4504 
3 7410 6915 1536 
3 2596 392 2859 
3 9035 2028 1453 
3 6311 3347 7078 
3 3141 9578 4069 
4 7206 3651 9564 2610 
4 2144 3875 8353 6332 
4 9137 462 2149 1688 
4 8766 1371 6448 9047 
4 9094 7094 9838 5066 
4 8930 9114 3887 4736 
4 4434 221 1161 5181 
4 6471 6925 2741 5233 
4 9215 3789 8438 8663 
4 2956 40 6328 2469 
4 6353 9659 6232 7889 
4 8486 7602 7960 4877 
4 2837 2412 8022 1959 
4 4994 802 511 5125 
4 7850 168 4688 3012 
4 1678 8543 8028 725 
4 6127 6148 840 9709 
4 6818 9651 615 2892 
4 5628 4982 4097 3318 
4 6175 6944 9394 6473 
4 9820 7557 2059 5558 
4 31 7959 152 68 
4 502 8426 5106 7632 
4 1778 9678 6229 5190 
4 842 639 6725 7859 
4 9993 393 2950 7694 
4 2307 8576 1426 4567 
4 2685 2101 4689 6034 
4 2683 343 1009 4291 
4 739 7395 4549 2169 
4 8737 9595 7742 644 
4 9223 8804 5959 9540 
4 5817 229 1220 9227 
4 6699 5882 5719 1165 
4 9015 7971 4488 402 
4 78 9489 1080 8950 
4 5128 1043 2242 640 
4 3841 8256 1377 477 
4 325 613 726 7423 
4 5631 848 1869 5850 
4 4787 7803 2472 3123 
4 4099 1979 8097 7430 
4 793 6746 4031 1270 
4 5422 7631 2388 9892 
4 8643 1807 5676 4969 
4 34 4855 3396 9887 
4 7697 305 2669 9957 
4 7314 7132 20 5951 
4 7532 6005 5881 8398 
4 3555 5443 3903 953 
4 3743 7581 4880 6315 
4 3679 413 2164 8212 
4 6952 3515 4173 6922 
4 4826 252 13 5829 
4 7994 4723 5950 8629 
4 8903 1167 8571 6479 
4 5731 2002 2898 7176 
4 467 2304 740 4554 
4 6225 3509 6095 293 
4 579 1590 7826 1892 
4 3698 4811 6291 193 
4 6452 6357 1549 4750 
4 1502 3621 153 4679 
4 2137 7496 1586 4298 
4 5212 6189 2232 3146 
4 9274 9280 7713 76 
4 2215 4078 5161 9524 
4 9475 57 649 6544 
4 4047 6563 3246 6740 
4 7666 2929 9337 2629 
4 860 2527 3902 568 
4 6046 5146 346 1953 
4 4451 7252 2358 1369 
4 6674 3581 6104 9526 
4 3665 7036 5346 9234 
4 4267 395 4747 3449 
4 5863 3233 9830 7906 
4 4279 3761 4245 9313 
4 4922 949 7194 4155 
4 2432 2799 2019 3431 
4 4246 7804 7951 554 
4 414 83 2533 8206 
4 937 6244 2529 9157 
4 8986 2531 5026 6270 
4 1276 1194 1650 7565 
4 1416 868 9105 7024 
4 4249 5895 7236 6294 
4 8456 3504 8675 8821 
4 4662 2824 4537 5672 
4 9065 3261 9543 444 
4 6210 4030 1793 7963 
4 3482 5200 4398 8201 
4 3161 16 1514 3316 
4 2634 8229 1286 1504 
4 3838 5387 4767 4311 
4 4314 2668 1084 8440 
4 2751 7813 5401 7559 
4 23 1118 9294 7653 
4 1516 9635 4856 2442 
4 3263 982 1527 4578 
4 7743 4501 3930 3773 
4 3748 4176 5237 5714 
4 6630 9496 9551 5373 
4 3806 6258 3332 4841 
4 4653 9333 6920 3911 
4 8498 9458 6245 2671 
4 7197 7018 9680 1027 
4 3174 6612 1250 5059 
4 2047 9958 8277 5175 
4 7490 7150 8179 6852 
4 6664 1201 2264 3407 
4 9810 4914 8727 6494 
4 9488 8355 6510 1986 
4 1032 1452 2303 9149 
4 9692 4623 8965 8918 
4 1031 1296 4328 4935 
4 1532 1891 8289 5097 
4 6828 1618 4892 3099 
4 675 3880 365 9711 
4 8642 9251 5043 8593 
4 4001 6569 7622 3125 
4 8952 499 6093 6693 
4 8654 4164 3513 9022 
4 1606 4605 6604 5400 
4 6430 4898 5834 8729 
4 9085 5769 3824 2328 
4 2143 8067 2422 4407 
4 6822 4447 5980 7957 
4 5199 225 30 8981 
4 6744 459 9655 4775 
4 2712 8177 7237 1898 
4 6962 7761 3147 3747 
4 4713 7418 3547 94 
4 9260 115 8382 6472 
4 858 7828 2335 2466 
4 9858 3570 9002 1132 
4 5641 8897 2402 5098 
4 4144 4095 8567 7273 
4 8235 4562 2570 6600 
4 9272 7600 185 4546 
4 8808 3274 9073 7247 
4 6846 1865 2220 6727 
4 1806 8472 1951 4840 
4 6130 6851 6078 7849 
4 9985 6002 9927 1058 
4 9624 7048 8388 6766 
4 123 7190 2205 4156 
4 9181 2946 3615 1639 
4 9611 5471 7085 4804 
4 6118 5831 8978 2591 
4 6323 4325 4482 1848 
4 8108 7665 7693 1978 
4 7721 2046 1110 1835 
4 576 6669 2333 6398 
4 3355 6899 6126 473 
4 6590 7899 7616 6223 
4 1669 7315 896 6993 
4 8756 8806 8372 5323 
4 4558 7634 5944 5621 
4 2235 9338 9859 5800 
4 7868 4489 2216 6356 
4 8340 3587 7127 9877 
4 8753 9613 1271 5812 
4 5442 6304 9771 5505 
4 4694 7329 7460 8572 
4 5077 8734 1266 143 
4 6090 3883 4197 5460 
4 2240 7805 9003 5041 
4 8393 3078 2294 3281 
4 6524 6774 8129 6739 
4 1288 3506 5019 2582 
4 1754 2105 101 9134 
4 9745 4564 22 1653 
4 6711 2911 7275 160 
4 516 8573 4308 7815 
4 8640 6560 1849 899 
4 1774 1192 9679 3933 
4 5140 1086 1212 3849 
4 6697 2754 9013 4312 
4 419 2136 2453 6023 
4 1313 8994 5189 9948 
4 5613 4746 2549 2234 
4 6990 8996 2781 9603 
4 5702 7491 8773 3324 
4 3664 7121 4255 6803 
4 1137 3038 6581 3884 
4 3265 5276 5426 4217 
4 6671 906 1480 5134 
4 4172 2237 9261 9230 
4 2730 8021 753 6636 
4 3878 1699 2199 6063 
4 7123 6064 1170 4630 
4 3439 3782 5397 472 
4 9029 796 3402 2793 
4 7686 381 5171 7117 
4 558 9008 9744 5268 
4 2390 4196 2621 4678 
4 3097 6035 3491 8049 
4 7931 9844 8316 1461 
4 3578 8084 219 550 
4 417 6595 6096 4599 
4 2289 1093 2417 893 
4 2852 4613 6831 2016 
4 5598 8166 1656 1404 
4 4136 3131 4818 8411 
4 5523 5246 4918 3381 
4 4394 6261 6529 7233 
4 8716 8759 7510 3262 
4 5903 1172 1488 2731 
4 5234 9901 3873 7788 
4 9194 8793 6373 3401 
4 2268 2775 6414 6953 
4 1127 8789 4094 1208 
4 1624 1665 1783 2987 
4 8464 7903 5966 8987 
4 6132 845 2406 7925 
4 3888 8633 7786 3584 
4 828 7684 159 1221 
4 2951 3783 1801 610 
4 2444 1867 2554 1184 
4 7400 1985 9534 5391 
4 5253 6432 4479 9759 
4 6520 8618 5577 4894 
4 3817 4910 3744 3965 
4 6517 2065 7675 217 
4 6227 9535 1814 3927 
4 5770 7501 279 3076 
4 3334 4088 2334 3300 
4 2068 4932 5064 2184 
4 7309 5917 5132 8539 
4 5736 2281 6812 1836 
4 3442 9575 1627 990 
4 133 2711 1646 2087 
4 3721 2722 5586 3929 
4 5313 401 4487 7289 
4 2750 1899 3312 5104 
4 7969 3862 218 3411 
4 6180 669 4538 8665 
4 9502 9200 4193 5599 
4 1781 5370 5972 1299 
4 8165 6586 545 5398 
4 9660 7695 3445 9140 
4 7388 1716 6405 7744 
4 7110 7065 1130 3085 
4 7898 9770 651 1928 
4 1904 89 771 8694 
4 7371 9754 9356 2376 
4 3539 7672 144 4981 
4 6417 2947 7980 1683 
4 4544 292 4833 2326 
4 5594 8934 934 5345 
4 5481 3807 9846 2050 
4 3216 7043 3947 3115 
4 1292 3017 8732 3124 
4 1638 4669 2990 7014 
4 4529 5511 7502 827 
4 8638 4628 3580 4428 
4 9941 9156 304 2464 
4 9882 1935 7096 7664 
4 8584 6307 8525 977 
4 9209 9089 3424 5804 
4 7907 1469 199 2173 
4 6259 2057 4553 6958 
4 8015 6497 7274 2480 
4 7902 930 249 8853 
4 8268 2567 4842 9670 
4 6770 6973 2560 8709 
4 757 5122 3521 7216 
4 163 894 7553 1120 
4 8842 207 618 3178 
4 6409 7962 2022 8298 
4 1138 1331 2463 4163 
4 7177 9785 6068 2835 
4 7608 288 9152 241 
4 1870 5429 6805 3353 
4 4149 9491 5329 643 
4 316 6541 1209 4882 
4 3941 8886 8776 7298 
4 3610 4948 4714 3186 
4 7223 8502 7134 5663 
4 9860 7544 9647 6425 
4 691 728 157 6331 
4 4646 6897 3313 4468 
4 2011 7163 7546 5514 
4 8273 8068 7795 3893 
4 6301 8645 356 7640 
4 2564 1277 287 9617 
4 4392 616 865 4634 
4 9179 9100 4337 5741 
4 2179 2805 9225 7642 
4 5192 4355 2227 5952 
4 5725 6213 7878 2841 
4 3541 6387 186 9367 
4 8409 5182 8941 1841 
4 7019 6796 6904 4789 
4 2418 1809 1652 8141 
4 862 784 819 3006 
4 7229 8310 9710 2435 
4 4226 5534 6513 1574 
4 5718 9172 3753 5958 
4 5550 5848 108 1227 
4 1958 3798 9406 226 
4 8534 9553 9590 5060 
4 9863 733 5578 378 
4 5254 3425 3712 1971 
4 5206 9232 1661 6087 
4 8870 2563 2201 1685 
4 2288 4143 7556 128 
4 6629 5611 7434 800 
4 2239 769 6814 5658 
4 867 7349 7948 3536 
4 9885 3209 425 5612 
4 1495 3812 5424 1099 
4 7087 9158 4508 9555 
4 8740 9570 7333 7091 
4 9870 5771 789 348 
4 4598 9582 8771 2689 
4 9329 4791 9876 7580 
4 3438 3208 4906 1615 
4 5825 1479 4518 5294 
4 2163 8564 8321 441 
4 6484 9314 5573 2012 
4 5510 2152 2344 1376 
4 1563 9862 2577 2451 
4 347 4290 6620 1196 
4 2318 4986 4693 6917 
4 9423 1403 2586 8103 
4 1700 6253 349 1799 
4 6125 4709 8309 6748 
4 9346 8347 189 1993 
4 3917 7758 4726 3949 
4 719 8086 7799 9737 
4 383 1494 3859 633 
4 7441 5316 4996 2470 
4 7365 1949 831 6701 
4 4403 7459 291 2498 
4 1788 5148 5409 1131 
4 6692 3860 9819 958 
4 7060 1230 7835 8493 
4 1235 6457 2035 8686 
4 5183 2550 7946 7507 
4 9954 1119 8064 863 
4 415 1180 3213 5694 
4 4211 3784 7541 6843 
4 9205 6456 509 1868 
4 4939 8080 1105 7307 
4 1909 203 5779 7140 
4 5343 8726 5379 5051 
4 2382 9999 2878 1679 
4 2356 3821 8960 4632 
4 9323 4 6279 9663 
4 1188 4621 3394 7479 
4 8282 405 8970 2789 
4 703 1732 1284 7251 
4 3327 280 1111 9372 
4 8379 8875 1133 2384 
4 361 5410 4675 8461 
4 7669 1046 388 782 
4 1818 8784 2483 2373 
4 935 1074 693 8406 
4 7807 268 9604 2324 
4 1323 4664 8412 1611 
4 7965 4330 9701 6407 
4 1335 5833 9724 4344 
4 3247 8955 3389 258 
4 4950 6500 2378 3385 
4 8410 2541 3787 342 
4 5699 4107 7753 4734 
4 4254 376 9807 6158 
4 922 6635 2579 8164 
4 227 8791 9533 3639 
4 8985 1553 9102 6434 
4 6085 811 9717 9636 
4 1135 4461 4633 1029 
4 200 2942 2030 318 
4 6233 4979 5177 6983 
4 5356 794 2311 4810 
4 3386 9148 2405 6420 
4 7791 6371 5977 9742 
4 1987 2508 2086 7992 
4 2386 7092 8523 1918 
4 3292 8602 4369 983 
4 7667 9162 1992 4651 
4 5844 9644 5266 1554 
4 3922 7399 2883 3199 
4 662 741 3819 5005 
4 7322 7627 3827 8725 
4 4371 1534 8374 3935 
4 5327 621 9186 9557 
4 9632 9342 491 173 
4 2676 7820 4425 9609 
4 2715 2825 5957 4220 
4 2410 5885 8491 1439 
4 8731 7340 3794 7547 
4 3008 9282 6254 7033 
4 409 5399 7706 5167 
4 5413 5643 3756 9773 
4 5187 917 3866 6647 
4 872 7228 8136 4273 
4 6242 9977 1731 1206 
4 8872 1045 4214 148 
4 1705 9327 5210 3225 
4 3267 7276 1329 3799 
4 821 652 8857 2934 
4 6678 312 984 5073 
4 2747 7093 7636 179 
4 4323 483 7069 195 
4 1415 7264 1063 4978 
4 4435 7938 69 1897 
4 7712 4260 5350 3144 
4 7832 7736 1969 4822 
4 508 9775 9963 6499 
4 5853 6675 7165 5883 
4 5045 2500 2884 5470 
4 3227 6077 8879 5265 
4 2503 7172 7243 4807 
4 5979 7416 4535 3474 
4 435 8570 6174 2873 
4 2172 987 6480 8786 
4 7408 1305 9159 605 
4 5840 8142 4032 6234 
4 5361 1654 901 4103 
4 7393 4758 1610 192 
4 2803 9822 9362 8117 
4 8758 8780 3466 596 
4 4237 8778 303 3636 
4 2427 5340 3984 2996 
4 437 8395 3058 6187 
4 2166 5508 3476 8770 
4 3620 7915 2769 7588 
4 4356 2330 8613 209 
4 8728 8507 2170 9070 
4 6654 3879 5745 9011 
4 194 3082 7793 7097 
4 6841 9415 4860 7856 
4 9787 184 4372 482 
4 2425 7639 8038 8535 
4 6901 4732 7086 8144 
4 4224 6853 1831 5993 
4 8311 8224 7789 4891 
4 8877 8114 118 2556 
4 4972 7098 4952 7561 
4 9380 1728 7427 1142 
4 7059 8417 4890 5747 
4 111 8361 3530 230 
4 9749 4376 8244 8405 
4 4577 4285 2974 5067 
4 2206 3777 121 729 
4 9421 8061 7578 8961 
4 478 7590 8975 7942 
4 4175 6902 9218 9264 
4 6141 2485 5279 6833 
4 3044 1695 3189 7045 
4 1614 5906 7883 7606 
4 5557 274 2520 3685 
4 6128 6156 9931 1625 
4 5107 2771 8009 3727 
4 9571 4724 8075 3493 
4 5983 7077 9436 9556 
4 5696 6682 6614 3717 
4 6411 781 4523 8135 
4 6308 6177 7075 2512 
4 1972 156 7741 4098 
4 2812 1350 1517 6428 
4 8272 8530 3716 8220 
4 2808 7847 61 4232 
4 1485 9031 256 4699 
4 908 9793 5617 6559 
4 6937 4845 8159 5304 
4 8002 7864 8462 2447 
4 2098 2532 4899 2039 
4 7187 2110 4470 1496 
4 7483 1177 6720 5483 
4 5504 2827 5377 8561 
4 8011 5382 6429 6545 
4 1226 5938 6607 1283 
4 8500 1326 4333 2272 
4 6265 5783 311 8542 
4 2602 7550 7017 1937 
4 833 1917 5870 7730 
4 3635 81 5727 1749 
4 8110 1501 574 9126 
4 8045 1804 507 9910 
4 2271 795 4063 7139 
4 8797 4913 9736 2252 
4 424 4980 8473 2657 
4 5213 7533 5533 1789 
4 8880 3108 6998 5158 
4 8698 1634 1703 9686 
4 9498 1166 7248 7404 
4 4297 6539 3690 8494 
4 4440 7292 9301 1696 
4 7337 1622 1753 1171 
4 4966 8190 1006 4427 
4 7068 7711 3023 9357 
4 3307 5907 5023 8556 
4 428 7138 6971 8635 
4 3059 7030 1984 5632 
4 4876 3469 4588 682 
4 9457 6293 1513 3361 
4 2298 903 3053 1762 
4 2231 803 5262 3205 
4 8868 8441 6026 5260 
4 866 7833 2393 5480 
4 9521 1275 538 3993 
4 7022 182 9296 668 
4 7830 1932 3268 5754 
4 959 7067 5008 6848 
4 406 5585 8924 4262 
4 9007 6412 9932 7929 
4 4305 5472 603 7453 
4 7682 2900 6551 4923 
4 7367 8592 6075 4793 
4 8850 3266 7102 9823 
4 7514 6859 7584 5910 
4 4770 4283 6021 224 
4 6617 2645 1307 8555 
4 6257 4019 2673 5640 
4 3846 3705 921 1191 
4 6098 6519 8968 2357 
4 2310 658 3534 25 
4 6237 4851 3803 5010 
4 2583 3416 4591 5100 
4 6393 275 2138 1149 
4 7523 2928 7688 3154 
4 9698 452 4060 5926 
4 4843 2664 7281 6533 
4 9044 9411 9042 7129 
4 4893 3994 9577 5900 
4 3854 7658 3286 6290 
4 3963 8001 4830 2656 
4 1824 2899 4453 6799 
4 5693 2961 6592 8085 
4 5281 341 2280 2385 
4 4048 3382 468 698 
4 9548 7574 9270 4236 
4 6454 6509 3591 6961 
4 9861 9554 1612 1770 
4 9311 6031 2026 7504 
4 4911 1775 1878 7985 
4 8541 3696 3810 9914 
4 9297 54 4571 3169 
4 6643 659 6222 5430 
4 2546 9059 6283 8000 
4 7071 9146 3611 1316 
4 9189 9972 1190 7488 
4 6040 2709 7000 6772 
4 6923 8109 7890 746 
4 3619 5549 8334 582 
4 4009 9024 27 5838 
4 6862 2980 6119 8231 
4 9229 4821 972 9204 
4 6195 1667 6185 422 
4 6334 6850 5828 886 
4 2153 3413 7782 3454 
4 526 5386 3719 3523 
4 9101 9825 8554 5538 
4 1302 1777 4691 5809 
4 319 6491 7852 9336 
4 238 8034 4174 180 
4 3990 412 4034 6391 
4 2662 7261 1308 999 
4 1134 3843 3754 6199 
4 4525 8098 2038 3156 
4 4209 5227 1873 3340 
4 7011 1087 5635 9933 
4 6516 4581 2525 4438 
4 9720 9400 2733 379 
4 8118 3383 3788 9150 
4 5778 5153 5949 5257 
4 8344 5619 573 5014 
4 4987 4062 1725 6163 
4 8546 9164 4132 4520 
4 2758 1964 3645 6792 
4 4705 2431 4556 2010 
4 2154 5108 1237 7222 
4 8318 7183 5859 7986 
4 8757 5049 4252 5697 
4 1880 3628 6686 7921 
4 8508 5539 5681 5466 
4 2858 4832 5527 360 
4 9321 3088 7005 9833 
4 583 7142 986 5406 
4 3201 5682 4976 533 
4 1915 8796 3546 8511 
