172
2 0 1 
2 2 3 
2 4 5 
2 6 7 
2 9 8 
2 10 11 
2 13 12 
2 16 15 
2 14 17 
2 18 19 
2 20 21 
2 22 23 
2 25 24 
2 27 26 
2 28 30 
2 29 31 
2 32 33 
2 34 37 
2 36 35 
2 39 38 
2 40 42 
2 41 43 
2 44 45 
2 46 49 
2 48 47 
2 51 50 
2 53 52 
2 54 55 
2 57 56 
2 58 59 
2 61 60 
2 62 63 
2 67 66 
2 65 64 
2 68 69 
2 70 71 
2 75 74 
2 73 72 
2 77 76 
2 79 78 
2 80 81 
2 82 83 
2 85 84 
2 88 87 
2 86 89 
2 90 91 
2 92 93 
2 94 95 
2 96 97 
2 98 99 
2 100 101 
2 102 103 
2 104 105 
2 106 107 
2 109 108 
2 110 111 
2 112 115 
2 114 113 
2 116 117 
2 118 119 
2 121 120 
2 122 123 
2 126 125 
2 124 127 
2 128 129 
3 130 131 133 
3 132 135 134 
3 137 136 138 
3 139 140 142 
3 141 143 145 
3 144 146 147 
3 148 149 150 
3 151 152 153 
3 155 154 157 
3 156 159 158 
3 161 160 163 
3 162 164 169 
3 168 167 166 
3 165 171 170 
3 173 172 174 
3 175 176 178 
3 177 179 180 
3 181 183 182 
3 184 185 186 
3 187 188 189 
3 191 190 192 
3 193 194 195 
3 196 197 198 
3 199 200 201 
3 202 203 206 
3 205 204 207 
3 209 208 211 
3 210 214 213 
3 212 216 215 
3 217 218 219 
3 220 221 222 
3 223 224 227 
3 226 225 228 
3 229 230 231 
3 232 233 235 
3 234 238 237 
3 236 239 241 
3 240 243 242 
3 244 246 245 
3 247 248 249 
3 250 251 253 
3 252 255 254 
3 257 256 259 
3 258 260 261 
3 262 263 265 
3 264 267 266 
3 268 270 269 
3 271 272 274 
3 273 275 276 
3 277 278 280 
3 279 281 282 
3 283 285 284 
3 287 286 289 
3 288 290 291 
3 293 292 295 
3 294 296 297 
3 298 299 303 
3 302 301 300 
3 305 304 307 
3 306 308 309 
4 311 310 313 312 
4 314 315 316 317 
4 318 319 321 320 
4 323 322 325 324 
4 327 326 328 329 
4 331 330 332 334 
4 333 335 336 337 
4 338 339 340 343 
4 342 341 344 345 
4 346 347 349 348 
4 351 350 355 354 
4 353 352 357 356 
4 359 358 361 360 
4 363 362 364 366 
4 365 367 368 369 
4 370 371 374 373 
4 372 375 377 376 
4 379 378 381 380 
4 383 382 384 385 
4 386 388 387 389 
4 390 391 393 392 
4 395 394 397 396 
4 398 399 402 401 
4 400 403 404 405 
4 406 407 408 409 
4 411 410 413 412 
4 415 414 416 417 
4 418 419 421 420 
4 422 423 426 425 
4 424 427 428 429 
4 430 432 431 433 
4 435 434 436 437 
4 438 439 440 441 
4 442 443 444 445 
4 446 447 448 450 
4 449 451 453 452 
4 454 456 455 457 
4 458 459 460 461 
4 463 462 465 464 
4 466 469 468 467 
4 470 471 472 473 
4 474 475 476 477 
4 478 479 481 480 
4 483 482 485 484 
4 487 486 489 488 
4 491 490 493 492 
4 494 495 496 497 
