1628
2 1 0 
2 2 3 
2 5 4 
2 6 7 
2 8 9 
2 10 11 
2 12 15 
2 14 13 
2 16 17 
2 19 18 
2 21 20 
2 22 23 
2 24 26 
2 25 27 
2 29 28 
2 30 31 
2 32 33 
2 35 34 
2 36 37 
2 38 39 
2 42 41 
2 40 43 
2 45 44 
2 46 47 
2 48 49 
2 50 51 
2 52 53 
2 54 57 
2 56 55 
2 58 60 
2 59 61 
2 62 63 
2 64 65 
2 66 69 
2 68 67 
2 70 72 
2 71 73 
2 75 74 
2 77 76 
2 79 78 
2 80 81 
2 84 83 
2 82 85 
2 86 87 
2 88 89 
2 90 91 
2 92 93 
2 95 94 
2 99 98 
2 97 96 
2 100 101 
2 102 103 
2 104 105 
2 107 106 
2 109 108 
2 111 110 
2 113 112 
2 114 115 
2 116 117 
2 119 118 
2 120 122 
2 121 123 
2 125 124 
2 126 127 
2 129 128 
2 130 131 
2 135 134 
2 133 132 
2 136 137 
2 138 141 
2 140 139 
2 144 143 
2 142 145 
2 146 147 
2 148 149 
2 150 154 
2 153 152 
2 151 155 
2 156 157 
2 158 159 
2 162 161 
2 160 163 
2 167 166 
2 165 164 
2 169 168 
2 170 171 
2 173 172 
2 174 176 
2 175 179 
2 178 177 
2 181 180 
2 182 183 
2 184 186 
2 185 187 
2 189 188 
2 190 191 
2 192 193 
2 194 195 
2 196 199 
2 198 197 
2 200 201 
2 202 203 
2 205 204 
2 207 206 
2 209 208 
2 210 211 
2 212 215 
2 214 213 
2 216 219 
2 218 217 
2 220 222 
2 221 223 
2 224 227 
2 226 225 
2 228 231 
2 230 229 
2 233 232 
2 235 234 
2 237 236 
2 239 238 
2 243 242 
2 241 240 
2 244 245 
2 246 247 
2 248 249 
2 250 251 
2 252 253 
2 254 255 
2 256 258 
2 257 259 
2 261 260 
2 262 263 
2 264 266 
2 265 267 
2 269 268 
2 270 272 
2 271 273 
2 276 275 
2 274 277 
2 279 278 
2 280 281 
2 282 283 
2 286 285 
2 284 287 
2 288 291 
2 290 289 
2 292 294 
2 293 295 
2 299 298 
2 297 296 
2 300 301 
2 302 303 
2 304 305 
2 306 307 
2 310 309 
2 308 311 
2 312 313 
2 314 315 
2 317 316 
2 318 320 
2 319 323 
2 322 321 
2 324 327 
2 326 325 
2 330 329 
2 328 331 
2 332 333 
2 334 335 
2 337 336 
2 339 338 
2 340 341 
2 342 343 
2 344 345 
2 347 346 
2 348 350 
2 349 351 
2 354 353 
2 352 357 
2 356 355 
2 360 359 
2 358 361 
2 363 362 
2 364 365 
2 366 367 
2 368 369 
2 372 371 
2 370 375 
2 374 373 
2 377 376 
2 378 380 
2 379 381 
2 382 383 
2 387 386 
2 385 384 
2 389 388 
2 390 391 
2 393 392 
2 394 395 
2 397 396 
2 399 398 
2 400 401 
2 402 403 
2 406 405 
2 404 407 
2 408 409 
2 410 411 
2 412 415 
2 414 413 
2 416 417 
2 418 419 
2 420 423 
2 422 421 
2 424 425 
2 426 427 
2 429 428 
2 431 430 
2 432 434 
2 433 435 
2 436 437 
2 438 439 
2 440 441 
2 442 444 
2 443 445 
2 447 446 
2 448 449 
2 450 451 
2 452 453 
2 454 455 
2 457 456 
2 459 458 
2 460 461 
2 462 463 
2 466 465 
2 464 467 
2 470 469 
2 468 471 
2 472 473 
2 474 475 
2 476 477 
2 479 478 
2 481 480 
2 482 483 
2 484 485 
2 486 487 
2 488 489 
2 490 491 
2 492 493 
2 494 495 
2 497 496 
2 498 499 
2 501 500 
2 504 503 
2 502 505 
2 506 507 
2 508 509 
2 510 511 
2 512 513 
2 515 514 
2 516 518 
2 517 519 
2 521 520 
2 522 524 
2 523 527 
2 526 525 
2 528 531 
2 530 529 
2 533 532 
2 535 534 
2 536 537 
2 539 538 
2 543 542 
2 541 540 
2 544 547 
2 546 545 
2 548 549 
2 551 550 
2 552 553 
2 555 554 
2 557 556 
2 558 559 
2 560 561 
2 563 562 
2 564 567 
2 566 565 
2 569 568 
2 570 571 
2 572 573 
2 575 574 
2 576 578 
2 577 579 
2 580 581 
2 582 584 
2 583 585 
2 588 587 
2 586 589 
2 591 590 
2 592 593 
2 595 594 
2 596 597 
2 599 598 
2 601 600 
2 603 602 
2 606 605 
2 604 607 
2 609 608 
2 610 611 
2 612 613 
2 614 615 
2 617 616 
2 619 618 
2 621 620 
2 623 622 
2 625 624 
2 627 626 
2 629 628 
2 630 631 
2 632 633 
2 635 634 
2 637 636 
2 638 639 
2 641 640 
2 643 642 
2 644 645 
2 647 646 
2 648 650 
2 649 651 
2 653 652 
2 655 654 
2 657 656 
2 659 658 
2 661 660 
2 663 662 
2 665 664 
2 667 666 
2 668 669 
2 670 671 
2 672 673 
2 675 674 
2 677 676 
2 678 680 
2 679 681 
2 682 684 
2 683 685 
2 686 687 
2 690 689 
2 688 691 
2 692 693 
2 694 695 
2 696 697 
2 699 698 
2 701 700 
2 702 705 
2 704 703 
2 707 706 
2 708 709 
2 710 711 
2 713 712 
2 714 716 
2 715 717 
2 718 719 
2 722 721 
2 720 723 
2 724 725 
2 726 729 
2 728 727 
2 731 730 
2 732 733 
2 734 735 
2 736 737 
2 741 740 
2 739 738 
2 743 742 
2 744 747 
2 746 745 
2 748 749 
2 751 750 
2 755 754 
2 753 752 
2 756 758 
2 757 759 
2 762 761 
2 760 763 
2 765 764 
2 768 767 
2 766 769 
2 770 771 
2 772 773 
2 775 774 
2 777 776 
2 779 778 
2 781 780 
2 783 782 
2 785 784 
2 787 786 
2 788 789 
2 790 791 
2 792 795 
2 794 793 
2 796 797 
2 798 799 
2 800 801 
2 803 802 
2 807 806 
2 805 804 
2 808 809 
2 810 813 
2 812 811 
2 815 814 
2 817 816 
2 819 818 
2 822 821 
2 820 823 
2 824 825 
2 826 827 
2 828 830 
2 829 831 
2 832 833 
2 835 834 
2 837 836 
2 838 840 
2 839 841 
2 843 842 
2 845 844 
2 846 847 
2 848 849 
2 852 851 
2 850 853 
2 855 854 
2 857 856 
2 858 861 
2 860 859 
2 863 862 
2 864 866 
2 865 867 
2 869 868 
2 870 871 
2 873 872 
2 874 875 
2 879 878 
2 877 876 
2 880 881 
2 882 883 
2 885 884 
2 886 887 
2 888 891 
2 890 889 
2 892 894 
2 893 895 
2 897 896 
2 899 898 
2 901 900 
2 903 902 
2 905 904 
2 907 906 
2 908 909 
2 910 911 
2 912 914 
2 913 915 
2 918 917 
2 916 919 
2 920 921 
2 922 923 
2 925 924 
2 927 926 
2 929 928 
2 930 931 
2 932 933 
2 935 934 
2 939 938 
2 937 936 
2 941 940 
2 942 943 
2 944 945 
2 946 947 
2 951 950 
2 949 948 
2 952 953 
2 955 954 
2 957 956 
2 959 958 
2 961 960 
2 963 962 
2 964 965 
2 966 967 
2 969 968 
2 971 970 
2 972 975 
2 974 973 
2 977 976 
2 979 978 
2 981 980 
2 983 982 
2 985 984 
2 986 987 
2 989 988 
2 991 990 
2 993 992 
2 994 995 
2 996 997 
2 999 998 
2 1000 1002 
2 1001 1003 
2 1005 1004 
2 1007 1006 
3 1008 1009 1011 
3 1010 1012 1013 
3 1014 1017 1016 
3 1015 1019 1018 
3 1020 1021 1022 
3 1023 1025 1024 
3 1026 1027 1028 
3 1029 1030 1032 
3 1031 1033 1034 
3 1035 1036 1037 
3 1038 1039 1041 
3 1040 1042 1043 
3 1045 1044 1046 
3 1047 1048 1049 
3 1051 1050 1053 
3 1052 1055 1054 
3 1057 1056 1059 
3 1058 1060 1063 
3 1062 1061 1064 
3 1065 1067 1066 
3 1069 1068 1070 
3 1071 1072 1075 
3 1074 1073 1076 
3 1077 1078 1079 
3 1080 1083 1082 
3 1081 1084 1089 
3 1088 1087 1086 
3 1085 1092 1091 
3 1090 1093 1095 
3 1094 1098 1097 
3 1096 1099 1100 
3 1103 1102 1101 
3 1104 1105 1107 
3 1106 1108 1109 
3 1110 1112 1111 
3 1113 1116 1115 
3 1114 1119 1118 
3 1117 1121 1120 
3 1123 1122 1125 
3 1124 1126 1127 
3 1128 1131 1130 
3 1129 1134 1133 
3 1132 1135 1139 
3 1138 1137 1136 
3 1141 1140 1143 
3 1142 1144 1145 
3 1146 1148 1147 
3 1149 1150 1151 
3 1153 1152 1155 
3 1154 1156 1157 
3 1158 1159 1163 
3 1162 1161 1160 
3 1164 1166 1165 
3 1167 1169 1168 
3 1171 1170 1173 
3 1172 1175 1174 
3 1176 1177 1179 
3 1178 1180 1182 
3 1181 1183 1185 
3 1184 1186 1187 
3 1189 1188 1191 
3 1190 1193 1192 
3 1195 1194 1196 
3 1197 1198 1199 
3 1201 1200 1202 
3 1203 1204 1206 
3 1205 1207 1209 
3 1208 1211 1210 
3 1213 1212 1215 
3 1214 1219 1218 
3 1217 1216 1221 
3 1220 1222 1223 
3 1225 1224 1226 
3 1227 1229 1228 
3 1230 1231 1232 
3 1235 1234 1233 
3 1236 1239 1238 
3 1237 1241 1240 
3 1242 1243 1244 
3 1245 1247 1246 
3 1251 1250 1249 
3 1248 1252 1254 
3 1253 1255 1257 
3 1256 1258 1259 
3 1260 1261 1262 
3 1263 1264 1265 
3 1267 1266 1269 
3 1268 1272 1271 
3 1270 1273 1274 
3 1275 1278 1277 
3 1276 1279 1280 
3 1281 1283 1282 
3 1285 1284 1286 
3 1287 1289 1288 
3 1291 1290 1293 
3 1292 1294 1295 
3 1297 1296 1298 
3 1299 1300 1301 
3 1302 1304 1303 
3 1305 1306 1308 
3 1307 1309 1310 
3 1311 1312 1313 
3 1314 1315 1317 
3 1316 1319 1318 
3 1320 1321 1323 
3 1322 1325 1324 
3 1327 1326 1328 
3 1329 1331 1330 
3 1332 1334 1333 
3 1335 1338 1337 
3 1336 1339 1340 
3 1341 1342 1343 
3 1345 1344 1346 
3 1347 1349 1348 
3 1350 1351 1352 
3 1353 1354 1355 
3 1356 1357 1358 
3 1359 1360 1362 
3 1361 1363 1365 
3 1364 1367 1366 
3 1368 1369 1370 
3 1371 1373 1372 
3 1375 1374 1376 
3 1377 1380 1379 
3 1378 1381 1382 
3 1383 1384 1386 
3 1385 1387 1389 
3 1388 1390 1391 
3 1392 1393 1394 
3 1395 1398 1397 
3 1396 1399 1401 
3 1400 1402 1403 
3 1405 1404 1407 
3 1406 1408 1409 
3 1410 1411 1414 
3 1413 1412 1415 
3 1417 1416 1419 
3 1418 1420 1421 
3 1422 1425 1424 
3 1423 1426 1427 
3 1428 1431 1430 
3 1429 1432 1433 
3 1434 1435 1437 
3 1436 1438 1439 
3 1441 1440 1442 
3 1443 1444 1445 
3 1446 1447 1448 
3 1449 1451 1450 
3 1452 1455 1454 
3 1453 1457 1456 
3 1458 1459 1460 
3 1461 1463 1462 
3 1465 1464 1466 
3 1467 1468 1469 
3 1470 1471 1472 
3 1473 1474 1475 
3 1477 1476 1478 
3 1479 1482 1481 
3 1480 1483 1486 
3 1485 1484 1488 
3 1487 1489 1490 
3 1491 1493 1492 
3 1494 1495 1498 
3 1497 1496 1499 
3 1500 1501 1503 
3 1502 1504 1505 
3 1506 1507 1508 
3 1509 1511 1510 
3 1513 1512 1515 
3 1514 1518 1517 
3 1516 1519 1520 
3 1521 1523 1522 
3 1525 1524 1527 
3 1526 1528 1530 
3 1529 1531 1532 
3 1533 1534 1536 
3 1535 1537 1539 
3 1538 1541 1540 
3 1543 1542 1545 
3 1544 1548 1547 
3 1546 1549 1550 
3 1551 1555 1554 
3 1553 1552 1557 
3 1556 1560 1559 
3 1558 1563 1562 
3 1561 1566 1565 
3 1564 1567 1569 
3 1568 1570 1572 
3 1571 1573 1575 
3 1574 1577 1576 
3 1578 1579 1580 
3 1581 1582 1583 
3 1585 1584 1586 
3 1587 1588 1589 
3 1590 1591 1592 
3 1593 1594 1595 
3 1596 1597 1599 
3 1598 1600 1602 
3 1601 1603 1604 
3 1605 1607 1606 
3 1608 1609 1610 
3 1611 1613 1612 
3 1614 1615 1617 
3 1616 1619 1618 
3 1620 1623 1622 
3 1621 1626 1625 
3 1624 1627 1630 
3 1629 1628 1631 
3 1633 1632 1635 
3 1634 1637 1636 
3 1638 1639 1641 
3 1640 1643 1642 
3 1644 1645 1647 
3 1646 1651 1650 
3 1649 1648 1652 
3 1653 1655 1654 
3 1657 1656 1659 
3 1658 1660 1661 
3 1662 1663 1664 
3 1665 1666 1667 
3 1668 1670 1669 
3 1671 1672 1673 
3 1674 1675 1676 
3 1679 1678 1677 
3 1680 1681 1682 
3 1683 1687 1686 
3 1685 1684 1689 
3 1688 1692 1691 
3 1690 1693 1695 
3 1694 1697 1696 
3 1698 1699 1700 
3 1701 1702 1703 
3 1704 1706 1705 
3 1707 1710 1709 
3 1708 1711 1712 
3 1713 1715 1714 
3 1716 1719 1718 
3 1717 1721 1720 
3 1722 1723 1725 
3 1724 1727 1726 
3 1728 1729 1730 
3 1731 1733 1732 
3 1734 1736 1735 
3 1737 1739 1738 
3 1741 1740 1744 
3 1743 1742 1746 
3 1745 1747 1748 
3 1749 1750 1751 
3 1752 1753 1754 
3 1755 1757 1756 
3 1758 1760 1759 
3 1761 1762 1763 
3 1764 1765 1766 
3 1767 1769 1768 
3 1771 1770 1772 
3 1773 1776 1775 
3 1774 1777 1779 
3 1778 1780 1781 
3 1782 1785 1784 
3 1783 1786 1787 
3 1790 1789 1788 
3 1791 1792 1794 
3 1793 1795 1797 
3 1796 1798 1799 
3 1803 1802 1801 
3 1800 1805 1804 
3 1806 1807 1808 
3 1809 1811 1810 
3 1813 1812 1815 
3 1814 1816 1817 
3 1818 1819 1823 
3 1822 1821 1820 
3 1824 1825 1826 
3 1827 1828 1829 
3 1830 1832 1831 
3 1833 1834 1835 
3 1836 1837 1838 
3 1839 1842 1841 
3 1840 1843 1844 
3 1845 1846 1847 
3 1850 1849 1848 
3 1851 1852 1854 
3 1853 1855 1857 
3 1856 1858 1859 
3 1860 1863 1862 
3 1861 1864 1865 
3 1866 1868 1867 
3 1869 1871 1870 
3 1872 1873 1875 
3 1874 1879 1878 
3 1877 1876 1881 
3 1880 1882 1884 
3 1883 1885 1887 
3 1886 1888 1889 
3 1890 1891 1893 
3 1892 1894 1895 
3 1896 1897 1899 
3 1898 1901 1900 
3 1903 1902 1905 
3 1904 1906 1907 
3 1908 1910 1909 
3 1911 1913 1912 
3 1914 1915 1916 
3 1917 1919 1918 
3 1921 1920 1922 
3 1923 1926 1925 
3 1924 1927 1929 
3 1928 1931 1930 
3 1933 1932 1935 
3 1934 1938 1937 
3 1936 1939 1940 
3 1941 1942 1944 
3 1943 1945 1947 
3 1946 1950 1949 
3 1948 1951 1953 
3 1952 1954 1956 
3 1955 1957 1958 
3 1959 1960 1961 
3 1962 1963 1964 
3 1965 1966 1967 
3 1968 1969 1970 
3 1971 1974 1973 
3 1972 1975 1977 
3 1976 1978 1979 
3 1981 1980 1982 
3 1983 1984 1985 
3 1987 1986 1991 
3 1990 1989 1988 
3 1992 1993 1995 
3 1994 1997 1996 
3 1999 1998 2001 
3 2000 2003 2002 
3 2005 2004 2006 
3 2007 2010 2009 
3 2008 2011 2014 
3 2013 2012 2015 
3 2017 2016 2018 
3 2019 2021 2020 
3 2022 2024 2023 
3 2027 2026 2025 
3 2029 2028 2031 
3 2030 2032 2033 
3 2034 2035 2037 
3 2036 2038 2039 
3 2040 2041 2042 
3 2043 2044 2045 
3 2046 2047 2048 
3 2049 2051 2050 
3 2053 2052 2054 
3 2055 2056 2057 
3 2058 2059 2060 
3 2061 2063 2062 
3 2067 2066 2065 
3 2064 2069 2068 
3 2071 2070 2073 
3 2072 2074 2078 
3 2077 2076 2075 
3 2079 2082 2081 
3 2080 2083 2084 
3 2085 2086 2087 
3 2088 2089 2090 
3 2091 2093 2092 
3 2095 2094 2097 
3 2096 2099 2098 
3 2100 2101 2103 
3 2102 2104 2105 
3 2107 2106 2109 
3 2108 2111 2110 
3 2112 2114 2113 
3 2115 2116 2118 
3 2117 2119 2121 
3 2120 2122 2123 
3 2124 2126 2125 
3 2127 2128 2129 
3 2130 2131 2132 
3 2133 2135 2134 
3 2136 2139 2138 
3 2137 2140 2141 
3 2142 2143 2145 
3 2144 2146 2147 
3 2151 2150 2149 
3 2148 2154 2153 
3 2152 2155 2156 
3 2157 2158 2159 
3 2161 2160 2163 
3 2162 2164 2165 
3 2166 2167 2168 
3 2169 2171 2170 
3 2172 2173 2174 
3 2175 2177 2176 
3 2178 2179 2180 
3 2181 2182 2183 
3 2184 2187 2186 
3 2185 2189 2188 
3 2190 2192 2191 
3 2193 2195 2194 
3 2197 2196 2199 
3 2198 2200 2201 
3 2202 2203 2204 
3 2205 2206 2208 
3 2207 2209 2211 
3 2210 2214 2213 
3 2212 2217 2216 
3 2215 2219 2218 
3 2220 2221 2223 
3 2222 2225 2224 
3 2227 2226 2229 
3 2228 2230 2231 
3 2233 2232 2234 
3 2235 2236 2237 
3 2238 2239 2240 
3 2241 2242 2243 
3 2244 2245 2247 
3 2246 2250 2249 
3 2248 2251 2253 
3 2252 2256 2255 
3 2254 2257 2258 
3 2259 2261 2260 
3 2263 2262 2264 
3 2265 2266 2267 
3 2270 2269 2268 
3 2271 2273 2272 
3 2274 2276 2275 
3 2277 2279 2278 
3 2280 2281 2283 
3 2282 2284 2286 
3 2285 2287 2288 
3 2289 2290 2291 
3 2292 2293 2294 
3 2299 2298 2297 
3 2296 2295 2301 
3 2300 2302 2303 
3 2304 2305 2306 
3 2307 2310 2309 
3 2308 2311 2312 
3 2313 2315 2314 
3 2317 2316 2319 
3 2318 2321 2320 
3 2322 2325 2324 
3 2323 2327 2326 
3 2328 2329 2330 
3 2331 2332 2333 
3 2334 2335 2336 
3 2337 2338 2339 
3 2341 2340 2343 
3 2342 2344 2345 
3 2346 2347 2349 
3 2348 2350 2351 
3 2352 2353 2354 
3 2355 2357 2356 
3 2358 2360 2359 
3 2361 2362 2363 
3 2364 2366 2365 
3 2367 2369 2368 
3 2371 2370 2372 
3 2373 2374 2376 
3 2375 2377 2379 
3 2378 2380 2382 
3 2381 2383 2385 
3 2384 2387 2386 
3 2388 2391 2390 
3 2389 2392 2393 
3 2394 2395 2396 
3 2397 2399 2398 
3 2404 2403 2402 
3 2401 2400 2405 
3 2406 2407 2408 
3 2409 2411 2410 
3 2413 2412 2414 
3 2415 2416 2418 
3 2417 2419 2421 
3 2420 2424 2423 
3 2422 2425 2426 
3 2427 2429 2428 
3 2430 2431 2433 
3 2432 2434 2435 
3 2436 2437 2438 
3 2439 2440 2441 
3 2443 2442 2445 
3 2444 2446 2447 
3 2450 2449 2448 
3 2451 2452 2454 
3 2453 2455 2457 
3 2456 2458 2459 
3 2460 2463 2462 
3 2461 2465 2464 
3 2466 2467 2468 
3 2469 2471 2470 
3 2472 2474 2473 
3 2475 2478 2477 
3 2476 2479 2480 
3 2481 2482 2483 
3 2485 2484 2487 
3 2486 2488 2490 
3 2489 2491 2493 
3 2492 2494 2496 
3 2495 2497 2498 
3 2499 2501 2500 
3 2502 2505 2504 
3 2503 2507 2506 
3 2508 2511 2510 
3 2509 2513 2512 
3 2515 2514 2519 
3 2518 2517 2516 
3 2521 2520 2523 
3 2522 2524 2525 
3 2526 2527 2528 
3 2529 2530 2531 
3 2532 2533 2534 
3 2535 2537 2536 
3 2539 2538 2540 
3 2541 2542 2543 
3 2544 2547 2546 
3 2545 2549 2548 
3 2552 2551 2550 
3 2553 2554 2556 
3 2555 2557 2559 
3 2558 2561 2560 
3 2562 2563 2564 
3 2565 2568 2567 
3 2566 2569 2570 
3 2571 2574 2573 
3 2572 2575 2576 
3 2577 2579 2578 
3 2581 2580 2583 
3 2582 2584 2588 
3 2587 2586 2585 
3 2589 2591 2590 
3 2593 2592 2594 
3 2595 2597 2596 
3 2599 2598 2603 
3 2602 2601 2600 
3 2604 2606 2605 
3 2607 2609 2608 
3 2611 2610 2613 
3 2612 2616 2615 
3 2614 2617 2618 
3 2619 2620 2624 
3 2623 2622 2621 
4 2625 2626 2627 2631 
4 2630 2629 2628 2633 
4 2632 2634 2638 2637 
4 2636 2635 2640 2639 
4 2641 2643 2642 2644 
4 2645 2646 2647 2648 
4 2649 2650 2651 2655 
4 2654 2653 2652 2656 
4 2659 2658 2657 2660 
4 2661 2663 2662 2667 
4 2666 2665 2664 2668 
4 2669 2670 2671 2673 
4 2672 2675 2674 2677 
4 2676 2679 2678 2680 
4 2681 2682 2683 2684 
4 2685 2686 2687 2688 
4 2689 2690 2691 2693 
4 2692 2694 2696 2695 
4 2697 2699 2698 2701 
4 2700 2703 2702 2704 
4 2705 2706 2707 2708 
4 2709 2710 2711 2712 
4 2713 2714 2715 2717 
4 2716 2719 2718 2721 
4 2720 2722 2723 2724 
4 2725 2726 2727 2729 
4 2728 2731 2730 2735 
4 2734 2733 2732 2736 
4 2738 2737 2739 2740 
4 2741 2742 2743 2744 
4 2745 2748 2747 2746 
4 2749 2750 2751 2753 
4 2752 2755 2754 2756 
4 2757 2758 2759 2760 
4 2761 2763 2762 2764 
4 2765 2767 2766 2768 
4 2769 2770 2771 2772 
4 2774 2773 2775 2778 
4 2777 2776 2779 2780 
4 2781 2782 2783 2784 
4 2785 2787 2786 2788 
4 2790 2789 2791 2792 
4 2793 2794 2795 2796 
4 2797 2799 2798 2800 
4 2801 2803 2802 2805 
4 2804 2807 2806 2808 
4 2809 2810 2811 2813 
4 2812 2815 2814 2816 
4 2817 2818 2819 2820 
4 2821 2822 2823 2826 
4 2825 2824 2827 2829 
4 2828 2830 2831 2832 
4 2833 2834 2835 2838 
4 2837 2836 2839 2840 
4 2841 2842 2844 2843 
4 2845 2846 2847 2849 
4 2848 2851 2850 2853 
4 2852 2855 2854 2856 
4 2857 2858 2859 2860 
4 2864 2863 2862 2861 
4 2865 2867 2866 2869 
4 2868 2871 2870 2873 
4 2872 2874 2876 2875 
4 2877 2878 2879 2880 
4 2881 2882 2883 2885 
4 2884 2886 2887 2888 
4 2889 2890 2892 2891 
4 2893 2894 2895 2896 
4 2897 2899 2898 2901 
4 2900 2902 2903 2904 
4 2905 2906 2907 2910 
4 2909 2908 2911 2913 
4 2912 2914 2915 2917 
4 2916 2918 2919 2921 
4 2920 2923 2922 2925 
4 2924 2926 2927 2928 
4 2929 2930 2931 2933 
4 2932 2934 2935 2936 
4 2937 2938 2939 2940 
4 2943 2942 2941 2945 
4 2944 2946 2948 2947 
4 2949 2951 2950 2953 
4 2952 2955 2954 2956 
4 2957 2958 2959 2960 
4 2961 2963 2962 2965 
4 2964 2967 2966 2969 
4 2968 2971 2970 2973 
4 2972 2975 2974 2976 
4 2979 2978 2977 2981 
4 2980 2982 2984 2983 
4 2985 2986 2988 2987 
4 2989 2991 2990 2992 
4 2993 2995 2994 2997 
4 2996 2998 2999 3000 
4 3001 3003 3002 3005 
4 3004 3007 3006 3009 
4 3008 3010 3012 3011 
4 3013 3014 3015 3016 
4 3017 3018 3019 3021 
4 3020 3023 3022 3024 
4 3026 3025 3027 3030 
4 3029 3028 3031 3032 
4 3033 3034 3035 3036 
4 3039 3038 3037 3040 
4 3041 3043 3042 3045 
4 3044 3046 3047 3048 
4 3049 3051 3050 3054 
4 3053 3052 3055 3056 
4 3057 3059 3058 3061 
4 3060 3063 3062 3065 
4 3064 3067 3066 3069 
4 3068 3071 3070 3073 
4 3072 3074 3075 3077 
4 3076 3079 3078 3081 
4 3080 3082 3083 3084 
4 3085 3086 3087 3088 
4 3089 3090 3091 3093 
4 3092 3094 3095 3096 
4 3098 3097 3099 3100 
4 3101 3103 3102 3105 
4 3104 3107 3106 3109 
4 3108 3111 3110 3113 
4 3112 3114 3116 3115 
4 3117 3119 3118 3120 
4 3122 3121 3123 3124 
4 3125 3126 3128 3127 
4 3129 3130 3131 3133 
4 3132 3134 3135 3136 
4 3138 3137 3139 3140 
4 3141 3143 3142 3144 
4 3147 3146 3145 3148 
4 3151 3150 3149 3152 
4 3153 3154 3159 3158 
4 3157 3156 3155 3160 
4 3161 3162 3163 3164 
4 3165 3166 3167 3168 
4 3169 3171 3170 3172 
4 3173 3175 3174 3177 
4 3176 3180 3179 3178 
4 3181 3182 3183 3185 
4 3184 3187 3186 3189 
4 3188 3190 3191 3192 
4 3193 3194 3195 3197 
4 3196 3198 3199 3200 
4 3201 3202 3203 3204 
4 3205 3206 3207 3208 
4 3210 3209 3211 3213 
4 3212 3215 3214 3219 
4 3218 3217 3216 3221 
4 3220 3222 3223 3224 
4 3225 3227 3226 3228 
4 3230 3229 3231 3232 
4 3233 3234 3235 3236 
4 3237 3238 3240 3239 
4 3241 3243 3242 3245 
4 3244 3247 3246 3249 
4 3248 3250 3251 3252 
4 3255 3254 3253 3256 
4 3259 3258 3257 3260 
4 3261 3262 3263 3264 
4 3265 3266 3267 3269 
4 3268 3270 3271 3272 
4 3273 3275 3274 3277 
4 3276 3279 3278 3282 
4 3281 3280 3285 3284 
4 3283 3288 3287 3286 
4 3289 3291 3290 3292 
4 3293 3294 3295 3296 
4 3297 3298 3300 3299 
4 3301 3303 3302 3304 
4 3305 3307 3306 3308 
4 3309 3310 3314 3313 
4 3312 3311 3315 3317 
4 3316 3319 3318 3320 
4 3321 3322 3323 3326 
4 3325 3324 3327 3328 
4 3329 3331 3330 3333 
4 3332 3336 3335 3334 
4 3337 3338 3339 3342 
4 3341 3340 3343 3345 
4 3344 3346 3348 3347 
4 3349 3351 3350 3354 
4 3353 3352 3355 3356 
4 3357 3359 3358 3360 
4 3361 3363 3362 3365 
4 3364 3366 3367 3369 
4 3368 3370 3371 3372 
4 3373 3374 3375 3378 
4 3377 3376 3379 3380 
4 3383 3382 3381 3384 
4 3385 3387 3386 3388 
4 3389 3390 3393 3392 
4 3391 3395 3394 3397 
4 3396 3398 3399 3400 
4 3401 3402 3404 3403 
4 3405 3406 3407 3408 
4 3409 3410 3411 3414 
4 3413 3412 3415 3417 
4 3416 3418 3419 3421 
4 3420 3423 3422 3427 
4 3426 3425 3424 3429 
4 3428 3430 3432 3431 
4 3433 3435 3434 3436 
4 3437 3438 3441 3440 
4 3439 3442 3443 3444 
4 3447 3446 3445 3448 
4 3449 3450 3451 3452 
4 3453 3456 3455 3454 
4 3459 3458 3457 3460 
4 3461 3462 3465 3464 
4 3463 3468 3467 3466 
4 3469 3470 3471 3472 
4 3473 3474 3475 3478 
4 3477 3476 3479 3481 
4 3480 3483 3482 3486 
4 3485 3484 3487 3489 
4 3488 3490 3491 3492 
4 3493 3494 3495 3497 
4 3496 3498 3501 3500 
4 3499 3502 3503 3504 
4 3507 3506 3505 3510 
4 3509 3508 3511 3512 
4 3513 3514 3515 3517 
4 3516 3518 3519 3520 
4 3521 3522 3525 3524 
4 3523 3528 3527 3526 
4 3529 3530 3531 3533 
4 3532 3535 3534 3537 
4 3536 3538 3539 3541 
4 3540 3543 3542 3545 
4 3544 3546 3547 3548 
4 3549 3551 3550 3552 
4 3553 3554 3555 3556 
4 3559 3558 3557 3560 
4 3561 3562 3563 3565 
4 3564 3567 3566 3569 
4 3568 3571 3570 3572 
4 3575 3574 3573 3576 
4 3577 3578 3579 3580 
4 3581 3582 3585 3584 
4 3583 3586 3588 3587 
4 3589 3591 3590 3592 
4 3593 3594 3597 3596 
4 3595 3599 3598 3601 
4 3600 3603 3602 3604 
4 3605 3606 3609 3608 
4 3607 3611 3610 3613 
4 3612 3614 3615 3616 
4 3617 3619 3618 3620 
4 3621 3622 3623 3624 
4 3625 3627 3626 3628 
4 3630 3629 3631 3633 
4 3632 3634 3635 3636 
4 3638 3637 3639 3640 
4 3641 3642 3643 3644 
4 3645 3646 3647 3650 
4 3649 3648 3651 3652 
4 3653 3654 3655 3659 
4 3658 3657 3656 3661 
4 3660 3663 3662 3664 
4 3665 3666 3667 3668 
4 3669 3670 3671 3674 
4 3673 3672 3676 3675 
4 3677 3678 3680 3679 
4 3681 3682 3683 3684 
4 3685 3687 3686 3688 
4 3689 3690 3693 3692 
4 3691 3695 3694 3696 
4 3699 3698 3697 3701 
4 3700 3702 3703 3705 
4 3704 3706 3707 3709 
4 3708 3711 3710 3713 
4 3712 3714 3717 3716 
4 3715 3720 3719 3718 
4 3723 3722 3721 3725 
4 3724 3726 3727 3729 
4 3728 3732 3731 3730 
4 3733 3735 3734 3737 
4 3736 3738 3739 3740 
4 3741 3742 3743 3744 
4 3747 3746 3745 3748 
4 3749 3751 3750 3752 
4 3753 3755 3754 3756 
4 3757 3758 3759 3764 
4 3763 3762 3761 3760 
4 3765 3766 3767 3768 
4 3769 3770 3771 3772 
4 3773 3774 3775 3776 
4 3777 3778 3779 3780 
4 3783 3782 3781 3786 
4 3785 3784 3787 3788 
4 3789 3790 3791 3792 
4 3794 3793 3795 3797 
4 3796 3798 3800 3799 
4 3801 3803 3802 3805 
4 3804 3807 3806 3810 
4 3809 3808 3814 3813 
4 3812 3811 3815 3816 
4 3817 3819 3818 3820 
4 3821 3823 3822 3824 
4 3825 3826 3827 3829 
4 3828 3831 3830 3833 
4 3832 3834 3836 3835 
4 3837 3838 3839 3841 
4 3840 3843 3842 3844 
4 3848 3847 3846 3845 
4 3849 3850 3851 3852 
4 3855 3854 3853 3856 
4 3857 3858 3861 3860 
4 3859 3864 3863 3862 
4 3865 3867 3866 3868 
4 3871 3870 3869 3872 
4 3873 3874 3875 3876 
4 3879 3878 3877 3881 
4 3880 3882 3884 3883 
4 3885 3886 3887 3888 
4 3889 3890 3891 3893 
4 3892 3894 3895 3897 
4 3896 3898 3899 3900 
4 3901 3902 3903 3904 
4 3908 3907 3906 3905 
4 3909 3910 3911 3912 
4 3915 3914 3913 3916 
4 3919 3918 3917 3921 
4 3920 3923 3922 3925 
4 3924 3927 3926 3928 
4 3929 3931 3930 3933 
4 3932 3934 3936 3935 
4 3937 3938 3939 3941 
4 3940 3943 3942 3945 
4 3944 3946 3947 3948 
4 3949 3951 3950 3952 
4 3954 3953 3955 3957 
4 3956 3959 3958 3960 
4 3961 3962 3963 3964 
4 3965 3967 3966 3968 
4 3969 3970 3971 3972 
4 3973 3974 3975 3976 
4 3977 3979 3978 3981 
4 3980 3982 3983 3984 
4 3985 3986 3987 3989 
4 3988 3990 3991 3992 
4 3995 3994 3993 3996 
4 3999 3998 3997 4003 
4 4002 4001 4000 4005 
4 4004 4008 4007 4006 
4 4009 4010 4011 4012 
4 4013 4015 4014 4017 
4 4016 4018 4020 4019 
4 4021 4023 4022 4024 
4 4025 4027 4026 4029 
4 4028 4030 4032 4031 
4 4033 4035 4034 4037 
4 4036 4039 4038 4040 
4 4041 4042 4043 4045 
4 4044 4047 4046 4049 
4 4048 4051 4050 4053 
4 4052 4056 4055 4054 
4 4057 4059 4058 4061 
4 4060 4062 4063 4065 
4 4064 4068 4067 4066 
4 4071 4070 4069 4072 
4 4073 4075 4074 4077 
4 4076 4078 4080 4079 
4 4081 4083 4082 4084 
4 4085 4086 4087 4088 
4 4089 4092 4091 4090 
4 4093 4094 4095 4096 
4 4097 4098 4099 4101 
4 4100 4103 4102 4105 
4 4104 4107 4106 4111 
4 4110 4109 4108 4113 
4 4112 4114 4115 4116 
4 4118 4117 4119 4121 
4 4120 4123 4122 4125 
4 4124 4127 4126 4128 
4 4130 4129 4131 4133 
4 4132 4134 4135 4136 
4 4137 4138 4139 4140 
4 4141 4142 4143 4145 
4 4144 4146 4147 4148 
4 4149 4152 4151 4150 
4 4153 4154 4159 4158 
4 4157 4156 4155 4160 
4 4161 4162 4163 4164 
4 4166 4165 4167 4168 
4 4169 4171 4170 4172 
4 4173 4174 4175 4176 
4 4178 4177 4179 4180 
4 4181 4183 4182 4184 
4 4185 4186 4187 4190 
4 4189 4188 4191 4192 
4 4193 4195 4194 4196 
4 4197 4199 4198 4201 
4 4200 4203 4202 4204 
4 4205 4207 4206 4209 
4 4208 4210 4211 4212 
4 4213 4214 4215 4216 
4 4218 4217 4219 4220 
4 4221 4223 4222 4225 
4 4224 4227 4226 4229 
4 4228 4231 4230 4232 
4 4233 4234 4235 4236 
4 4237 4239 4238 4241 
4 4240 4242 4243 4247 
4 4246 4245 4244 4248 
4 4250 4249 4251 4253 
4 4252 4254 4255 4256 
4 4257 4258 4260 4259 
4 4261 4263 4262 4265 
4 4264 4266 4267 4268 
4 4269 4270 4271 4272 
4 4275 4274 4273 4276 
4 4277 4278 4279 4282 
4 4281 4280 4283 4285 
4 4284 4287 4286 4289 
4 4288 4290 4291 4292 
4 4293 4295 4294 4296 
4 4297 4299 4298 4300 
4 4303 4302 4301 4304 
4 4305 4306 4307 4310 
4 4309 4308 4311 4313 
4 4312 4314 4316 4315 
4 4317 4319 4318 4321 
4 4320 4323 4322 4324 
4 4325 4326 4327 4329 
4 4328 4330 4331 4332 
4 4333 4334 4335 4336 
4 4337 4338 4339 4341 
4 4340 4342 4343 4347 
4 4346 4345 4344 4349 
4 4348 4350 4353 4352 
4 4351 4354 4355 4356 
4 4357 4358 4359 4360 
4 4361 4362 4363 4364 
4 4365 4366 4367 4368 
4 4369 4370 4371 4373 
4 4372 4374 4378 4377 
4 4376 4375 4379 4380 
4 4383 4382 4381 4385 
4 4384 4387 4386 4389 
4 4388 4391 4390 4393 
4 4392 4395 4394 4396 
4 4397 4398 4399 4401 
4 4400 4404 4403 4402 
4 4407 4406 4405 4408 
4 4409 4411 4410 4413 
4 4412 4414 4415 4416 
4 4417 4418 4419 4420 
4 4423 4422 4421 4424 
4 4425 4426 4427 4429 
4 4428 4431 4430 4432 
4 4433 4435 4434 4437 
4 4436 4438 4440 4439 
4 4441 4443 4442 4446 
4 4445 4444 4447 4448 
4 4449 4450 4451 4452 
4 4454 4453 4455 4459 
4 4458 4457 4456 4460 
4 4461 4462 4463 4464 
4 4465 4466 4467 4468 
4 4470 4469 4471 4472 
4 4473 4474 4475 4476 
4 4479 4478 4477 4481 
4 4480 4483 4482 4485 
4 4484 4486 4487 4489 
4 4488 4491 4490 4493 
4 4492 4494 4495 4497 
4 4496 4499 4498 4500 
4 4501 4503 4502 4505 
4 4504 4507 4506 4508 
4 4509 4510 4511 4512 
4 4513 4515 4514 4517 
4 4516 4519 4518 4520 
4 4521 4523 4522 4524 
4 4526 4525 4527 4528 
4 4529 4530 4531 4533 
4 4532 4536 4535 4534 
4 4539 4538 4537 4541 
4 4540 4543 4542 4545 
4 4544 4548 4547 4546 
4 4549 4551 4550 4552 
4 4553 4554 4555 4556 
4 4557 4558 4559 4560 
4 4563 4562 4561 4564 
4 4565 4566 4569 4568 
4 4567 4570 4571 4573 
4 4572 4575 4574 4576 
4 4577 4578 4579 4580 
4 4581 4583 4582 4584 
4 4586 4585 4587 4589 
4 4588 4590 4591 4593 
4 4592 4594 4596 4595 
4 4597 4598 4599 4601 
4 4600 4603 4602 4605 
4 4604 4606 4607 4608 
4 4609 4610 4611 4612 
4 4614 4613 4615 4616 
4 4617 4618 4619 4620 
4 4621 4622 4623 4624 
4 4625 4626 4629 4628 
4 4627 4630 4632 4631 
4 4633 4634 4635 4636 
4 4637 4643 4642 4641 
4 4640 4639 4638 4645 
4 4644 4647 4646 4648 
4 4651 4650 4649 4652 
4 4653 4654 4655 4656 
4 4657 4658 4659 4660 
4 4661 4662 4665 4664 
4 4663 4666 4667 4669 
4 4668 4671 4670 4673 
4 4672 4674 4677 4676 
4 4675 4678 4679 4680 
4 4681 4682 4683 4684 
4 4686 4685 4687 4689 
4 4688 4691 4690 4693 
4 4692 4694 4695 4698 
4 4697 4696 4699 4700 
4 4701 4703 4702 4705 
4 4704 4707 4706 4710 
4 4709 4708 4711 4712 
4 4713 4715 4714 4716 
4 4719 4718 4717 4722 
4 4721 4720 4723 4724 
4 4725 4726 4727 4730 
4 4729 4728 4731 4733 
4 4732 4735 4734 4737 
4 4736 4738 4739 4740 
4 4741 4743 4742 4745 
4 4744 4746 4747 4748 
4 4749 4751 4750 4753 
4 4752 4755 4754 4756 
4 4757 4759 4758 4760 
4 4761 4763 4762 4765 
4 4764 4767 4766 4768 
4 4769 4770 4771 4772 
4 4773 4776 4775 4774 
4 4779 4778 4777 4782 
4 4781 4780 4785 4784 
4 4783 4787 4786 4789 
4 4788 4791 4790 4795 
4 4794 4793 4792 4797 
4 4796 4799 4798 4800 
4 4803 4802 4801 4805 
4 4804 4806 4807 4809 
4 4808 4810 4811 4812 
4 4813 4815 4814 4817 
4 4816 4818 4820 4819 
4 4821 4822 4823 4824 
4 4825 4827 4826 4828 
4 4829 4831 4830 4832 
4 4835 4834 4833 4836 
4 4837 4838 4839 4840 
4 4843 4842 4841 4844 
4 4845 4846 4847 4849 
4 4848 4850 4851 4853 
4 4852 4854 4855 4856 
4 4857 4858 4859 4860 
4 4861 4862 4863 4864 
4 4865 4866 4869 4868 
4 4867 4872 4871 4870 
4 4873 4875 4874 4876 
4 4877 4878 4881 4880 
4 4879 4882 4883 4885 
4 4884 4887 4886 4889 
4 4888 4890 4891 4893 
4 4892 4895 4894 4897 
4 4896 4899 4898 4900 
4 4901 4903 4902 4905 
4 4904 4906 4907 4908 
4 4909 4911 4910 4913 
4 4912 4915 4914 4919 
4 4918 4917 4916 4921 
4 4920 4923 4922 4924 
4 4926 4925 4927 4928 
4 4929 4931 4930 4932 
4 4933 4934 4935 4936 
4 4937 4938 4939 4941 
4 4940 4942 4944 4943 
4 4945 4947 4946 4948 
4 4949 4950 4951 4952 
4 4953 4955 4954 4956 
4 4957 4958 4959 4960 
4 4962 4961 4963 4964 
